{"/home/travis/build/npmtest/node-npmtest-waypoints/test.js":{"path":"/home/travis/build/npmtest/node-npmtest-waypoints/test.js","s":{"1":2,"2":2,"3":2,"4":2,"5":2,"6":2,"7":2,"8":1,"9":2,"10":2,"11":1,"12":1,"13":1,"14":1,"15":2,"16":2,"17":2,"18":2,"19":1,"20":1,"21":2,"22":2,"23":2,"24":1,"25":1,"26":1,"27":1,"28":1,"29":1,"30":1,"31":1,"32":1,"33":1,"34":1,"35":1,"36":1,"37":1,"38":1,"39":2,"40":2,"41":1,"42":2,"43":2,"44":1,"45":2,"46":2,"47":1,"48":2,"49":2,"50":1,"51":1,"52":1,"53":1,"54":1},"b":{"1":[2,1,1,1],"2":[1,1,1,1],"3":[1,1],"4":[1,1],"5":[1,1],"6":[1,1],"7":[1,1],"8":[1,1],"9":[1,1],"10":[1,1,1],"11":[1,1],"12":[1,1],"13":[1,1],"14":[1,1],"15":[1,1],"16":[1,1],"17":[1,1]},"f":{"1":2,"2":2,"3":2,"4":2,"5":2,"6":1,"7":1,"8":1,"9":2,"10":2,"11":2,"12":2,"13":1},"fnMap":{"1":{"name":"(anonymous_1)","line":12,"loc":{"start":{"line":12,"column":1},"end":{"line":12,"column":13}}},"2":{"name":"(anonymous_2)","line":19,"loc":{"start":{"line":19,"column":5},"end":{"line":19,"column":17}}},"3":{"name":"(anonymous_3)","line":23,"loc":{"start":{"line":23,"column":24},"end":{"line":23,"column":36}}},"4":{"name":"(anonymous_4)","line":61,"loc":{"start":{"line":61,"column":5},"end":{"line":61,"column":17}}},"5":{"name":"(anonymous_5)","line":82,"loc":{"start":{"line":82,"column":5},"end":{"line":82,"column":17}}},"6":{"name":"(anonymous_6)","line":91,"loc":{"start":{"line":91,"column":77},"end":{"line":94,"column":10}}},"7":{"name":"(anonymous_7)","line":112,"loc":{"start":{"line":112,"column":83},"end":{"line":115,"column":10}},"skip":true},"8":{"name":"(anonymous_8)","line":123,"loc":{"start":{"line":123,"column":77},"end":{"line":126,"column":10}},"skip":true},"9":{"name":"(anonymous_9)","line":139,"loc":{"start":{"line":139,"column":12},"end":{"line":139,"column":40}},"skip":true},"10":{"name":"(anonymous_10)","line":147,"loc":{"start":{"line":147,"column":77},"end":{"line":150,"column":10}},"skip":true},"11":{"name":"(anonymous_11)","line":158,"loc":{"start":{"line":158,"column":83},"end":{"line":161,"column":10}},"skip":true},"12":{"name":"(anonymous_12)","line":169,"loc":{"start":{"line":169,"column":79},"end":{"line":172,"column":10}},"skip":true},"13":{"name":"(anonymous_13)","line":180,"loc":{"start":{"line":180,"column":75},"end":{"line":183,"column":10}},"skip":true}},"statementMap":{"1":{"start":{"line":12,"column":0},"end":{"line":195,"column":5}},"2":{"start":{"line":14,"column":4},"end":{"line":14,"column":14}},"3":{"start":{"line":19,"column":4},"end":{"line":56,"column":9}},"4":{"start":{"line":21,"column":8},"end":{"line":21,"column":19}},"5":{"start":{"line":23,"column":8},"end":{"line":35,"column":13}},"6":{"start":{"line":24,"column":12},"end":{"line":34,"column":13}},"7":{"start":{"line":25,"column":16},"end":{"line":28,"column":30}},"8":{"start":{"line":30,"column":16},"end":{"line":33,"column":27}},"9":{"start":{"line":37,"column":8},"end":{"line":39,"column":21}},"10":{"start":{"line":40,"column":8},"end":{"line":53,"column":9}},"11":{"start":{"line":43,"column":12},"end":{"line":46,"column":14}},"12":{"start":{"line":47,"column":12},"end":{"line":47,"column":18}},"13":{"start":{"line":50,"column":12},"end":{"line":51,"column":46}},"14":{"start":{"line":52,"column":12},"end":{"line":52,"column":18}},"15":{"start":{"line":55,"column":8},"end":{"line":55,"column":35}},"16":{"start":{"line":61,"column":4},"end":{"line":63,"column":9}},"17":{"start":{"line":62,"column":8},"end":{"line":62,"column":15}},"18":{"start":{"line":64,"column":4},"end":{"line":77,"column":5}},"19":{"start":{"line":70,"column":8},"end":{"line":70,"column":14}},"20":{"start":{"line":76,"column":8},"end":{"line":76,"column":14}},"21":{"start":{"line":82,"column":4},"end":{"line":84,"column":9}},"22":{"start":{"line":83,"column":8},"end":{"line":83,"column":15}},"23":{"start":{"line":85,"column":4},"end":{"line":194,"column":5}},"24":{"start":{"line":91,"column":8},"end":{"line":99,"column":10}},"25":{"start":{"line":98,"column":12},"end":{"line":98,"column":35}},"26":{"start":{"line":102,"column":8},"end":{"line":104,"column":63}},"27":{"start":{"line":105,"column":8},"end":{"line":105,"column":14}},"28":{"start":{"line":112,"column":8},"end":{"line":121,"column":10},"skip":true},"29":{"start":{"line":119,"column":12},"end":{"line":119,"column":55},"skip":true},"30":{"start":{"line":120,"column":12},"end":{"line":120,"column":48},"skip":true},"31":{"start":{"line":123,"column":8},"end":{"line":136,"column":10},"skip":true},"32":{"start":{"line":130,"column":12},"end":{"line":130,"column":76},"skip":true},"33":{"start":{"line":131,"column":12},"end":{"line":131,"column":73},"skip":true},"34":{"start":{"line":132,"column":12},"end":{"line":132,"column":74},"skip":true},"35":{"start":{"line":133,"column":12},"end":{"line":133,"column":79},"skip":true},"36":{"start":{"line":134,"column":12},"end":{"line":134,"column":25},"skip":true},"37":{"start":{"line":135,"column":12},"end":{"line":135,"column":45},"skip":true},"38":{"start":{"line":138,"column":8},"end":{"line":145,"column":14},"skip":true},"39":{"start":{"line":143,"column":16},"end":{"line":143,"column":29},"skip":true},"40":{"start":{"line":144,"column":16},"end":{"line":144,"column":55},"skip":true},"41":{"start":{"line":147,"column":8},"end":{"line":156,"column":10},"skip":true},"42":{"start":{"line":154,"column":12},"end":{"line":154,"column":25},"skip":true},"43":{"start":{"line":155,"column":12},"end":{"line":155,"column":45},"skip":true},"44":{"start":{"line":158,"column":8},"end":{"line":167,"column":10},"skip":true},"45":{"start":{"line":165,"column":12},"end":{"line":165,"column":25},"skip":true},"46":{"start":{"line":166,"column":12},"end":{"line":166,"column":48},"skip":true},"47":{"start":{"line":169,"column":8},"end":{"line":178,"column":10},"skip":true},"48":{"start":{"line":176,"column":12},"end":{"line":176,"column":25},"skip":true},"49":{"start":{"line":177,"column":12},"end":{"line":177,"column":46},"skip":true},"50":{"start":{"line":180,"column":8},"end":{"line":189,"column":10},"skip":true},"51":{"start":{"line":187,"column":12},"end":{"line":187,"column":94},"skip":true},"52":{"start":{"line":188,"column":12},"end":{"line":188,"column":48},"skip":true},"53":{"start":{"line":192,"column":8},"end":{"line":192,"column":35},"skip":true},"54":{"start":{"line":193,"column":8},"end":{"line":193,"column":14},"skip":true}},"branchMap":{"1":{"line":25,"type":"binary-expr","locations":[{"start":{"line":25,"column":23},"end":{"line":25,"column":62}},{"start":{"line":26,"column":20},"end":{"line":26,"column":70}},{"start":{"line":27,"column":20},"end":{"line":27,"column":71}},{"start":{"line":28,"column":20},"end":{"line":28,"column":29}}]},"2":{"line":30,"type":"binary-expr","locations":[{"start":{"line":30,"column":23},"end":{"line":30,"column":37}},{"start":{"line":31,"column":20},"end":{"line":31,"column":61}},{"start":{"line":32,"column":20},"end":{"line":32,"column":70}},{"start":{"line":33,"column":20},"end":{"line":33,"column":26}}]},"3":{"line":37,"type":"cond-expr","locations":[{"start":{"line":38,"column":14},"end":{"line":38,"column":20}},{"start":{"line":39,"column":14},"end":{"line":39,"column":20}}]},"4":{"line":40,"type":"switch","locations":[{"start":{"line":42,"column":8},"end":{"line":47,"column":18}},{"start":{"line":49,"column":8},"end":{"line":52,"column":18}}]},"5":{"line":44,"type":"binary-expr","locations":[{"start":{"line":44,"column":16},"end":{"line":44,"column":44}},{"start":{"line":44,"column":48},"end":{"line":44,"column":66}}]},"6":{"line":50,"type":"binary-expr","locations":[{"start":{"line":50,"column":21},"end":{"line":50,"column":49}},{"start":{"line":50,"column":53},"end":{"line":50,"column":72}}]},"7":{"line":64,"type":"switch","locations":[{"start":{"line":69,"column":4},"end":{"line":70,"column":14}},{"start":{"line":75,"column":4},"end":{"line":76,"column":14}}]},"8":{"line":85,"type":"switch","locations":[{"start":{"line":90,"column":4},"end":{"line":105,"column":14}},{"start":{"line":111,"column":4},"end":{"line":193,"column":14},"skip":true}]},"9":{"line":91,"type":"binary-expr","locations":[{"start":{"line":91,"column":42},"end":{"line":91,"column":73}},{"start":{"line":91,"column":77},"end":{"line":99,"column":9}}]},"10":{"line":102,"type":"binary-expr","locations":[{"start":{"line":102,"column":18},"end":{"line":102,"column":32}},{"start":{"line":103,"column":12},"end":{"line":103,"column":53}},{"start":{"line":104,"column":12},"end":{"line":104,"column":61}}]},"11":{"line":112,"type":"binary-expr","locations":[{"start":{"line":112,"column":45},"end":{"line":112,"column":79},"skip":true},{"start":{"line":112,"column":83},"end":{"line":121,"column":9},"skip":true}]},"12":{"line":123,"type":"binary-expr","locations":[{"start":{"line":123,"column":42},"end":{"line":123,"column":73},"skip":true},{"start":{"line":123,"column":77},"end":{"line":136,"column":9},"skip":true}]},"13":{"line":138,"type":"binary-expr","locations":[{"start":{"line":138,"column":48},"end":{"line":138,"column":85},"skip":true},{"start":{"line":139,"column":12},"end":{"line":145,"column":13},"skip":true}]},"14":{"line":147,"type":"binary-expr","locations":[{"start":{"line":147,"column":42},"end":{"line":147,"column":73},"skip":true},{"start":{"line":147,"column":77},"end":{"line":156,"column":9},"skip":true}]},"15":{"line":158,"type":"binary-expr","locations":[{"start":{"line":158,"column":45},"end":{"line":158,"column":79},"skip":true},{"start":{"line":158,"column":83},"end":{"line":167,"column":9},"skip":true}]},"16":{"line":169,"type":"binary-expr","locations":[{"start":{"line":169,"column":43},"end":{"line":169,"column":75},"skip":true},{"start":{"line":169,"column":79},"end":{"line":178,"column":9},"skip":true}]},"17":{"line":180,"type":"binary-expr","locations":[{"start":{"line":180,"column":41},"end":{"line":180,"column":71},"skip":true},{"start":{"line":180,"column":75},"end":{"line":189,"column":9},"skip":true}]}},"code":["/* istanbul instrument in package npmtest_waypoints */","/*jslint","    bitwise: true,","    browser: true,","    maxerr: 8,","    maxlen: 96,","    node: true,","    nomen: true,","    regexp: true,","    stupid: true","*/","(function () {","    'use strict';","    var local;","","","","    // run shared js-env code - pre-init","    (function () {","        // init local","        local = {};","        // init modeJs","        local.modeJs = (function () {","            try {","                return typeof navigator.userAgent === 'string' &&","                    typeof document.querySelector('body') === 'object' &&","                    typeof XMLHttpRequest.prototype.open === 'function' &&","                    'browser';","            } catch (errorCaughtBrowser) {","                return module.exports &&","                    typeof process.versions.node === 'string' &&","                    typeof require('http').createServer === 'function' &&","                    'node';","            }","        }());","        // init global","        local.global = local.modeJs === 'browser'","            ? window","            : global;","        switch (local.modeJs) {","        // re-init local from window.local","        case 'browser':","            local = local.global.utility2.objectSetDefault(","                local.global.utility2_rollup || local.global.local,","                local.global.utility2","            );","            break;","        // re-init local from example.js","        case 'node':","            local = (local.global.utility2_rollup || require('utility2'))","                .requireExampleJsFromReadme();","            break;","        }","        // export local","        local.global.local = local;","    }());","","","","    // run shared js-env code - function","    (function () {","        return;","    }());","    switch (local.modeJs) {","","","","    // run browser js-env code - function","    case 'browser':","        break;","","","","    // run node js-env code - function","    case 'node':","        break;","    }","","","","    // run shared js-env code - post-init","    (function () {","        return;","    }());","    switch (local.modeJs) {","","","","    // run browser js-env code - post-init","    case 'browser':","        local.testCase_browser_nullCase = local.testCase_browser_nullCase || function (","            options,","            onError","        ) {","        /*","         * this function will test browsers's null-case handling-behavior-behavior","         */","            onError(null, options);","        };","","        // run tests","        local.nop(local.modeTest &&","            document.querySelector('#testRunButton1') &&","            document.querySelector('#testRunButton1').click());","        break;","","","","    // run node js-env code - post-init","    /* istanbul ignore next */","    case 'node':","        local.testCase_buildApidoc_default = local.testCase_buildApidoc_default || function (","            options,","            onError","        ) {","        /*","         * this function will test buildApidoc's default handling-behavior-behavior","         */","            options = { modulePathList: module.paths };","            local.buildApidoc(options, onError);","        };","","        local.testCase_buildApp_default = local.testCase_buildApp_default || function (","            options,","            onError","        ) {","        /*","         * this function will test buildApp's default handling-behavior-behavior","         */","            local.testCase_buildReadme_default(options, local.onErrorThrow);","            local.testCase_buildLib_default(options, local.onErrorThrow);","            local.testCase_buildTest_default(options, local.onErrorThrow);","            local.testCase_buildCustomOrg_default(options, local.onErrorThrow);","            options = [];","            local.buildApp(options, onError);","        };","","        local.testCase_buildCustomOrg_default = local.testCase_buildCustomOrg_default ||","            function (options, onError) {","            /*","             * this function will test buildCustomOrg's default handling-behavior","             */","                options = {};","                local.buildCustomOrg(options, onError);","            };","","        local.testCase_buildLib_default = local.testCase_buildLib_default || function (","            options,","            onError","        ) {","        /*","         * this function will test buildLib's default handling-behavior","         */","            options = {};","            local.buildLib(options, onError);","        };","","        local.testCase_buildReadme_default = local.testCase_buildReadme_default || function (","            options,","            onError","        ) {","        /*","         * this function will test buildReadme's default handling-behavior-behavior","         */","            options = {};","            local.buildReadme(options, onError);","        };","","        local.testCase_buildTest_default = local.testCase_buildTest_default || function (","            options,","            onError","        ) {","        /*","         * this function will test buildTest's default handling-behavior","         */","            options = {};","            local.buildTest(options, onError);","        };","","        local.testCase_webpage_default = local.testCase_webpage_default || function (","            options,","            onError","        ) {","        /*","         * this function will test webpage's default handling-behavior","         */","            options = { modeCoverageMerge: true, url: local.serverLocalHost + '?modeTest=1' };","            local.browserTest(options, onError);","        };","","        // run test-server","        local.testRunServer(local);","        break;","    }","}());",""],"l":{"12":2,"14":2,"19":2,"21":2,"23":2,"24":2,"25":2,"30":1,"37":2,"40":2,"43":1,"47":1,"50":1,"52":1,"55":2,"61":2,"62":2,"64":2,"70":1,"76":1,"82":2,"83":2,"85":2,"91":1,"98":1,"102":1,"105":1,"112":1,"119":1,"120":1,"123":1,"130":1,"131":1,"132":1,"133":1,"134":1,"135":1,"138":1,"143":2,"144":2,"147":1,"154":2,"155":2,"158":1,"165":2,"166":2,"169":1,"176":2,"177":2,"180":1,"187":1,"188":1,"192":1,"193":1}},"/home/travis/build/npmtest/node-npmtest-waypoints/lib.npmtest_waypoints.js":{"path":"/home/travis/build/npmtest/node-npmtest-waypoints/lib.npmtest_waypoints.js","s":{"1":2,"2":2,"3":2,"4":2,"5":2,"6":2,"7":2,"8":1,"9":2,"10":2,"11":2,"12":2,"13":1,"14":1,"15":1,"16":1},"b":{"1":[2,1,1,1],"2":[1,1,1,1],"3":[1,1],"4":[2,2],"5":[1,1]},"f":{"1":2,"2":2,"3":2},"fnMap":{"1":{"name":"(anonymous_1)","line":12,"loc":{"start":{"line":12,"column":1},"end":{"line":12,"column":13}}},"2":{"name":"(anonymous_2)","line":19,"loc":{"start":{"line":19,"column":5},"end":{"line":19,"column":17}}},"3":{"name":"(anonymous_3)","line":23,"loc":{"start":{"line":23,"column":24},"end":{"line":23,"column":36}}}},"statementMap":{"1":{"start":{"line":12,"column":0},"end":{"line":53,"column":5}},"2":{"start":{"line":14,"column":4},"end":{"line":14,"column":14}},"3":{"start":{"line":19,"column":4},"end":{"line":52,"column":9}},"4":{"start":{"line":21,"column":8},"end":{"line":21,"column":19}},"5":{"start":{"line":23,"column":8},"end":{"line":35,"column":13}},"6":{"start":{"line":24,"column":12},"end":{"line":34,"column":13}},"7":{"start":{"line":25,"column":16},"end":{"line":28,"column":30}},"8":{"start":{"line":30,"column":16},"end":{"line":33,"column":27}},"9":{"start":{"line":37,"column":8},"end":{"line":39,"column":21}},"10":{"start":{"line":41,"column":8},"end":{"line":41,"column":54}},"11":{"start":{"line":43,"column":8},"end":{"line":43,"column":54}},"12":{"start":{"line":45,"column":8},"end":{"line":51,"column":9}},"13":{"start":{"line":46,"column":12},"end":{"line":46,"column":60}},"14":{"start":{"line":48,"column":12},"end":{"line":48,"column":35}},"15":{"start":{"line":49,"column":12},"end":{"line":49,"column":49}},"16":{"start":{"line":50,"column":12},"end":{"line":50,"column":43}}},"branchMap":{"1":{"line":25,"type":"binary-expr","locations":[{"start":{"line":25,"column":23},"end":{"line":25,"column":62}},{"start":{"line":26,"column":20},"end":{"line":26,"column":70}},{"start":{"line":27,"column":20},"end":{"line":27,"column":71}},{"start":{"line":28,"column":20},"end":{"line":28,"column":29}}]},"2":{"line":30,"type":"binary-expr","locations":[{"start":{"line":30,"column":23},"end":{"line":30,"column":37}},{"start":{"line":31,"column":20},"end":{"line":31,"column":61}},{"start":{"line":32,"column":20},"end":{"line":32,"column":70}},{"start":{"line":33,"column":20},"end":{"line":33,"column":26}}]},"3":{"line":37,"type":"cond-expr","locations":[{"start":{"line":38,"column":14},"end":{"line":38,"column":20}},{"start":{"line":39,"column":14},"end":{"line":39,"column":20}}]},"4":{"line":41,"type":"binary-expr","locations":[{"start":{"line":41,"column":16},"end":{"line":41,"column":44}},{"start":{"line":41,"column":48},"end":{"line":41,"column":53}}]},"5":{"line":45,"type":"if","locations":[{"start":{"line":45,"column":8},"end":{"line":45,"column":8}},{"start":{"line":45,"column":8},"end":{"line":45,"column":8}}]}},"code":["/* istanbul instrument in package npmtest_waypoints */","/*jslint","    bitwise: true,","    browser: true,","    maxerr: 8,","    maxlen: 96,","    node: true,","    nomen: true,","    regexp: true,","    stupid: true","*/","(function () {","    'use strict';","    var local;","","","","    // run shared js-env code - pre-init","    (function () {","        // init local","        local = {};","        // init modeJs","        local.modeJs = (function () {","            try {","                return typeof navigator.userAgent === 'string' &&","                    typeof document.querySelector('body') === 'object' &&","                    typeof XMLHttpRequest.prototype.open === 'function' &&","                    'browser';","            } catch (errorCaughtBrowser) {","                return module.exports &&","                    typeof process.versions.node === 'string' &&","                    typeof require('http').createServer === 'function' &&","                    'node';","            }","        }());","        // init global","        local.global = local.modeJs === 'browser'","            ? window","            : global;","        // init utility2_rollup","        local = local.global.utility2_rollup || local;","        // init lib","        local.local = local.npmtest_waypoints = local;","        // init exports","        if (local.modeJs === 'browser') {","            local.global.utility2_npmtest_waypoints = local;","        } else {","            module.exports = local;","            module.exports.__dirname = __dirname;","            module.exports.module = module;","        }","    }());","}());",""],"l":{"12":2,"14":2,"19":2,"21":2,"23":2,"24":2,"25":2,"30":1,"37":2,"41":2,"43":2,"45":2,"46":1,"48":1,"49":1,"50":1}},"/home/travis/build/npmtest/node-npmtest-waypoints/example.js":{"path":"/home/travis/build/npmtest/node-npmtest-waypoints/example.js","s":{"1":2,"2":2,"3":2,"4":2,"5":2,"6":2,"7":2,"8":1,"9":2,"10":2,"11":2,"12":2,"13":1,"14":2,"15":2,"16":2,"17":2,"18":2,"19":0,"20":2,"21":1,"22":1,"23":1,"24":1,"25":1,"26":0,"27":0,"28":1,"29":1,"30":2,"31":0,"32":0,"33":0,"34":1,"35":2,"36":2,"37":3,"38":3,"39":3,"40":3,"41":0,"42":3,"43":3,"44":3,"45":1,"46":3,"47":1,"48":1,"49":1,"50":1,"51":1,"52":1,"53":1,"54":1,"55":1,"56":1,"57":0,"58":1,"59":6,"60":6,"61":1,"62":2,"63":0,"64":2,"65":1,"66":1,"67":0,"68":0,"69":0,"70":0,"71":0,"72":0,"73":0,"74":0,"75":0,"76":0,"77":0,"78":0,"79":0,"80":0,"81":0,"82":0,"83":0},"b":{"1":[2,1,1,1],"2":[1,1,1,1],"3":[1,1],"4":[2,2],"5":[1,1],"6":[1,1],"7":[2,0],"8":[2,1,1,1,1,1],"9":[0,2,0],"10":[1,1],"11":[2,1,1],"12":[1,0],"13":[0,2],"14":[2,0,0,0,0,0,0],"15":[0,3],"16":[3,0],"17":[1,1],"18":[0,1],"19":[1,2,0,2],"20":[1,0],"21":[1,1],"22":[0,0],"23":[0,0],"24":[0,0],"25":[0,0],"26":[0,0],"27":[0,0],"28":[0,0]},"f":{"1":2,"2":2,"3":2,"4":2,"5":2,"6":2,"7":3,"8":3,"9":3,"10":1,"11":6,"12":0},"fnMap":{"1":{"name":"(anonymous_1)","line":26,"loc":{"start":{"line":26,"column":1},"end":{"line":26,"column":13}}},"2":{"name":"(anonymous_2)","line":33,"loc":{"start":{"line":33,"column":5},"end":{"line":33,"column":17}}},"3":{"name":"(anonymous_3)","line":37,"loc":{"start":{"line":37,"column":24},"end":{"line":37,"column":36}}},"4":{"name":"(anonymous_4)","line":69,"loc":{"start":{"line":69,"column":31},"end":{"line":69,"column":48}},"skip":true},"5":{"name":"(anonymous_5)","line":78,"loc":{"start":{"line":78,"column":26},"end":{"line":78,"column":45}},"skip":true},"6":{"name":"(anonymous_6)","line":123,"loc":{"start":{"line":123,"column":33},"end":{"line":123,"column":48}},"skip":true},"7":{"name":"(anonymous_7)","line":125,"loc":{"start":{"line":125,"column":27},"end":{"line":125,"column":39}},"skip":true},"8":{"name":"(anonymous_8)","line":133,"loc":{"start":{"line":133,"column":59},"end":{"line":133,"column":74}},"skip":true},"9":{"name":"(anonymous_9)","line":143,"loc":{"start":{"line":143,"column":45},"end":{"line":143,"column":62}},"skip":true},"10":{"name":"(anonymous_10)","line":144,"loc":{"start":{"line":144,"column":73},"end":{"line":144,"column":92}},"skip":true},"11":{"name":"(anonymous_11)","line":272,"loc":{"start":{"line":272,"column":51},"end":{"line":272,"column":77}},"skip":true},"12":{"name":"(anonymous_12)","line":315,"loc":{"start":{"line":315,"column":32},"end":{"line":315,"column":61}},"skip":true}},"statementMap":{"1":{"start":{"line":26,"column":0},"end":{"line":326,"column":5}},"2":{"start":{"line":28,"column":4},"end":{"line":28,"column":14}},"3":{"start":{"line":33,"column":4},"end":{"line":60,"column":9}},"4":{"start":{"line":35,"column":8},"end":{"line":35,"column":19}},"5":{"start":{"line":37,"column":8},"end":{"line":49,"column":13}},"6":{"start":{"line":38,"column":12},"end":{"line":48,"column":13}},"7":{"start":{"line":39,"column":16},"end":{"line":42,"column":30}},"8":{"start":{"line":44,"column":16},"end":{"line":47,"column":27}},"9":{"start":{"line":51,"column":8},"end":{"line":53,"column":21}},"10":{"start":{"line":55,"column":8},"end":{"line":57,"column":45}},"11":{"start":{"line":59,"column":8},"end":{"line":59,"column":35}},"12":{"start":{"line":61,"column":4},"end":{"line":325,"column":5}},"13":{"start":{"line":69,"column":8},"end":{"line":121,"column":10},"skip":true},"14":{"start":{"line":70,"column":12},"end":{"line":88,"column":13},"skip":true},"15":{"start":{"line":76,"column":16},"end":{"line":87,"column":19},"skip":true},"16":{"start":{"line":79,"column":20},"end":{"line":86,"column":21},"skip":true},"17":{"start":{"line":82,"column":24},"end":{"line":82,"column":43},"skip":true},"18":{"start":{"line":83,"column":24},"end":{"line":83,"column":30},"skip":true},"19":{"start":{"line":85,"column":24},"end":{"line":85,"column":49},"skip":true},"20":{"start":{"line":89,"column":12},"end":{"line":107,"column":13},"skip":true},"21":{"start":{"line":92,"column":16},"end":{"line":102,"column":17},"skip":true},"22":{"start":{"line":93,"column":20},"end":{"line":93,"column":86},"skip":true},"23":{"start":{"line":94,"column":20},"end":{"line":95,"column":45},"skip":true},"24":{"start":{"line":96,"column":20},"end":{"line":96,"column":42},"skip":true},"25":{"start":{"line":97,"column":20},"end":{"line":97,"column":48},"skip":true},"26":{"start":{"line":100,"column":20},"end":{"line":100,"column":85},"skip":true},"27":{"start":{"line":101,"column":20},"end":{"line":101,"column":96},"skip":true},"28":{"start":{"line":103,"column":16},"end":{"line":103,"column":22},"skip":true},"29":{"start":{"line":106,"column":16},"end":{"line":106,"column":22},"skip":true},"30":{"start":{"line":108,"column":12},"end":{"line":120,"column":13},"skip":true},"31":{"start":{"line":114,"column":16},"end":{"line":119,"column":17},"skip":true},"32":{"start":{"line":116,"column":20},"end":{"line":116,"column":78},"skip":true},"33":{"start":{"line":118,"column":20},"end":{"line":118,"column":47},"skip":true},"34":{"start":{"line":123,"column":8},"end":{"line":141,"column":11},"skip":true},"35":{"start":{"line":124,"column":12},"end":{"line":124,"column":54},"skip":true},"36":{"start":{"line":125,"column":12},"end":{"line":140,"column":14},"skip":true},"37":{"start":{"line":126,"column":16},"end":{"line":126,"column":28},"skip":true},"38":{"start":{"line":127,"column":16},"end":{"line":127,"column":69},"skip":true},"39":{"start":{"line":128,"column":16},"end":{"line":128,"column":75},"skip":true},"40":{"start":{"line":129,"column":16},"end":{"line":131,"column":17},"skip":true},"41":{"start":{"line":130,"column":20},"end":{"line":130,"column":27},"skip":true},"42":{"start":{"line":133,"column":16},"end":{"line":137,"column":36},"skip":true},"43":{"start":{"line":134,"column":20},"end":{"line":136,"column":55},"skip":true},"44":{"start":{"line":139,"column":16},"end":{"line":139,"column":57},"skip":true},"45":{"start":{"line":143,"column":8},"end":{"line":147,"column":11},"skip":true},"46":{"start":{"line":144,"column":12},"end":{"line":146,"column":15},"skip":true},"47":{"start":{"line":145,"column":16},"end":{"line":145,"column":70},"skip":true},"48":{"start":{"line":149,"column":8},"end":{"line":149,"column":31},"skip":true},"49":{"start":{"line":150,"column":8},"end":{"line":150,"column":14},"skip":true},"50":{"start":{"line":158,"column":8},"end":{"line":158,"column":31},"skip":true},"51":{"start":{"line":160,"column":8},"end":{"line":160,"column":33},"skip":true},"52":{"start":{"line":161,"column":8},"end":{"line":161,"column":37},"skip":true},"53":{"start":{"line":162,"column":8},"end":{"line":162,"column":35},"skip":true},"54":{"start":{"line":164,"column":8},"end":{"line":164,"column":50},"skip":true},"55":{"start":{"line":166,"column":8},"end":{"line":256,"column":2},"skip":true},"56":{"start":{"line":258,"column":8},"end":{"line":286,"column":9},"skip":true},"57":{"start":{"line":259,"column":12},"end":{"line":269,"column":14},"skip":true},"58":{"start":{"line":271,"column":12},"end":{"line":285,"column":19},"skip":true},"59":{"start":{"line":274,"column":20},"end":{"line":274,"column":35},"skip":true},"60":{"start":{"line":275,"column":20},"end":{"line":284,"column":21},"skip":true},"61":{"start":{"line":277,"column":24},"end":{"line":277,"column":64},"skip":true},"62":{"start":{"line":279,"column":24},"end":{"line":279,"column":40},"skip":true},"63":{"start":{"line":281,"column":24},"end":{"line":281,"column":40},"skip":true},"64":{"start":{"line":283,"column":24},"end":{"line":283,"column":39},"skip":true},"65":{"start":{"line":288,"column":8},"end":{"line":290,"column":9},"skip":true},"66":{"start":{"line":289,"column":12},"end":{"line":289,"column":18},"skip":true},"67":{"start":{"line":291,"column":8},"end":{"line":293,"column":54},"skip":true},"68":{"start":{"line":296,"column":8},"end":{"line":301,"column":37},"skip":true},"69":{"start":{"line":303,"column":8},"end":{"line":303,"column":82},"skip":true},"70":{"start":{"line":306,"column":8},"end":{"line":308,"column":9},"skip":true},"71":{"start":{"line":307,"column":12},"end":{"line":307,"column":82},"skip":true},"72":{"start":{"line":310,"column":8},"end":{"line":312,"column":9},"skip":true},"73":{"start":{"line":311,"column":12},"end":{"line":311,"column":18},"skip":true},"74":{"start":{"line":313,"column":8},"end":{"line":313,"column":54},"skip":true},"75":{"start":{"line":314,"column":8},"end":{"line":314,"column":69},"skip":true},"76":{"start":{"line":315,"column":8},"end":{"line":323,"column":36},"skip":true},"77":{"start":{"line":316,"column":12},"end":{"line":316,"column":61},"skip":true},"78":{"start":{"line":317,"column":12},"end":{"line":320,"column":13},"skip":true},"79":{"start":{"line":318,"column":16},"end":{"line":318,"column":75},"skip":true},"80":{"start":{"line":319,"column":16},"end":{"line":319,"column":23},"skip":true},"81":{"start":{"line":321,"column":12},"end":{"line":321,"column":38},"skip":true},"82":{"start":{"line":322,"column":12},"end":{"line":322,"column":27},"skip":true},"83":{"start":{"line":324,"column":8},"end":{"line":324,"column":14},"skip":true}},"branchMap":{"1":{"line":39,"type":"binary-expr","locations":[{"start":{"line":39,"column":23},"end":{"line":39,"column":62}},{"start":{"line":40,"column":20},"end":{"line":40,"column":70}},{"start":{"line":41,"column":20},"end":{"line":41,"column":71}},{"start":{"line":42,"column":20},"end":{"line":42,"column":29}}]},"2":{"line":44,"type":"binary-expr","locations":[{"start":{"line":44,"column":23},"end":{"line":44,"column":37}},{"start":{"line":45,"column":20},"end":{"line":45,"column":61}},{"start":{"line":46,"column":20},"end":{"line":46,"column":70}},{"start":{"line":47,"column":20},"end":{"line":47,"column":26}}]},"3":{"line":51,"type":"cond-expr","locations":[{"start":{"line":52,"column":14},"end":{"line":52,"column":20}},{"start":{"line":53,"column":14},"end":{"line":53,"column":20}}]},"4":{"line":55,"type":"binary-expr","locations":[{"start":{"line":55,"column":16},"end":{"line":55,"column":44}},{"start":{"line":55,"column":49},"end":{"line":57,"column":43}}]},"5":{"line":55,"type":"cond-expr","locations":[{"start":{"line":56,"column":14},"end":{"line":56,"column":53}},{"start":{"line":57,"column":14},"end":{"line":57,"column":43}}]},"6":{"line":61,"type":"switch","locations":[{"start":{"line":68,"column":4},"end":{"line":150,"column":14},"skip":true},{"start":{"line":156,"column":4},"end":{"line":324,"column":14},"skip":true}]},"7":{"line":70,"type":"if","locations":[{"start":{"line":70,"column":12},"end":{"line":70,"column":12},"skip":true},{"start":{"line":70,"column":12},"end":{"line":70,"column":12},"skip":true}]},"8":{"line":70,"type":"binary-expr","locations":[{"start":{"line":70,"column":16},"end":{"line":70,"column":22},"skip":true},{"start":{"line":70,"column":27},"end":{"line":70,"column":32},"skip":true},{"start":{"line":71,"column":20},"end":{"line":71,"column":39},"skip":true},{"start":{"line":72,"column":20},"end":{"line":72,"column":49},"skip":true},{"start":{"line":73,"column":20},"end":{"line":73,"column":58},"skip":true},{"start":{"line":74,"column":20},"end":{"line":74,"column":69},"skip":true}]},"9":{"line":79,"type":"switch","locations":[{"start":{"line":80,"column":20},"end":{"line":80,"column":33},"skip":true},{"start":{"line":81,"column":20},"end":{"line":83,"column":30},"skip":true},{"start":{"line":84,"column":20},"end":{"line":85,"column":49},"skip":true}]},"10":{"line":89,"type":"switch","locations":[{"start":{"line":90,"column":12},"end":{"line":103,"column":22},"skip":true},{"start":{"line":105,"column":12},"end":{"line":106,"column":22},"skip":true}]},"11":{"line":89,"type":"binary-expr","locations":[{"start":{"line":89,"column":20},"end":{"line":89,"column":25},"skip":true},{"start":{"line":89,"column":29},"end":{"line":89,"column":48},"skip":true},{"start":{"line":89,"column":52},"end":{"line":89,"column":74},"skip":true}]},"12":{"line":92,"type":"if","locations":[{"start":{"line":92,"column":16},"end":{"line":92,"column":16},"skip":true},{"start":{"line":92,"column":16},"end":{"line":92,"column":16},"skip":true}]},"13":{"line":108,"type":"if","locations":[{"start":{"line":108,"column":12},"end":{"line":108,"column":12},"skip":true},{"start":{"line":108,"column":12},"end":{"line":108,"column":12},"skip":true}]},"14":{"line":108,"type":"binary-expr","locations":[{"start":{"line":108,"column":16},"end":{"line":108,"column":61},"skip":true},{"start":{"line":108,"column":66},"end":{"line":108,"column":72},"skip":true},{"start":{"line":108,"column":77},"end":{"line":108,"column":82},"skip":true},{"start":{"line":109,"column":20},"end":{"line":109,"column":39},"skip":true},{"start":{"line":110,"column":20},"end":{"line":110,"column":49},"skip":true},{"start":{"line":111,"column":20},"end":{"line":111,"column":58},"skip":true},{"start":{"line":112,"column":20},"end":{"line":112,"column":68},"skip":true}]},"15":{"line":129,"type":"if","locations":[{"start":{"line":129,"column":16},"end":{"line":129,"column":16},"skip":true},{"start":{"line":129,"column":16},"end":{"line":129,"column":16},"skip":true}]},"16":{"line":134,"type":"cond-expr","locations":[{"start":{"line":135,"column":26},"end":{"line":135,"column":29},"skip":true},{"start":{"line":136,"column":26},"end":{"line":136,"column":54},"skip":true}]},"17":{"line":164,"type":"binary-expr","locations":[{"start":{"line":164,"column":27},"end":{"line":164,"column":43},"skip":true},{"start":{"line":164,"column":47},"end":{"line":164,"column":49},"skip":true}]},"18":{"line":258,"type":"if","locations":[{"start":{"line":258,"column":8},"end":{"line":258,"column":8},"skip":true},{"start":{"line":258,"column":8},"end":{"line":258,"column":8},"skip":true}]},"19":{"line":275,"type":"switch","locations":[{"start":{"line":276,"column":20},"end":{"line":277,"column":64},"skip":true},{"start":{"line":278,"column":20},"end":{"line":279,"column":40},"skip":true},{"start":{"line":280,"column":20},"end":{"line":281,"column":40},"skip":true},{"start":{"line":282,"column":20},"end":{"line":283,"column":39},"skip":true}]},"20":{"line":288,"type":"if","locations":[{"start":{"line":288,"column":8},"end":{"line":288,"column":8},"skip":true},{"start":{"line":288,"column":8},"end":{"line":288,"column":8},"skip":true}]},"21":{"line":288,"type":"binary-expr","locations":[{"start":{"line":288,"column":12},"end":{"line":288,"column":40},"skip":true},{"start":{"line":288,"column":44},"end":{"line":288,"column":67},"skip":true}]},"22":{"line":292,"type":"binary-expr","locations":[{"start":{"line":292,"column":12},"end":{"line":292,"column":50},"skip":true},{"start":{"line":293,"column":12},"end":{"line":293,"column":53},"skip":true}]},"23":{"line":297,"type":"binary-expr","locations":[{"start":{"line":297,"column":12},"end":{"line":297,"column":67},"skip":true},{"start":{"line":298,"column":12},"end":{"line":301,"column":36},"skip":true}]},"24":{"line":303,"type":"binary-expr","locations":[{"start":{"line":303,"column":43},"end":{"line":303,"column":75},"skip":true},{"start":{"line":303,"column":79},"end":{"line":303,"column":81},"skip":true}]},"25":{"line":306,"type":"if","locations":[{"start":{"line":306,"column":8},"end":{"line":306,"column":8},"skip":true},{"start":{"line":306,"column":8},"end":{"line":306,"column":8},"skip":true}]},"26":{"line":310,"type":"if","locations":[{"start":{"line":310,"column":8},"end":{"line":310,"column":8},"skip":true},{"start":{"line":310,"column":8},"end":{"line":310,"column":8},"skip":true}]},"27":{"line":313,"type":"binary-expr","locations":[{"start":{"line":313,"column":27},"end":{"line":313,"column":43},"skip":true},{"start":{"line":313,"column":47},"end":{"line":313,"column":53},"skip":true}]},"28":{"line":317,"type":"if","locations":[{"start":{"line":317,"column":12},"end":{"line":317,"column":12},"skip":true},{"start":{"line":317,"column":12},"end":{"line":317,"column":12},"skip":true}]}},"code":["/*","example.js","","quickstart example","","instruction","    1. save this script as example.js","    2. run the shell command:","        $ npm install npmtest-waypoints && PORT=8081 node example.js","    3. play with the browser-demo on http://127.0.0.1:8081","*/","","","","/* istanbul instrument in package npmtest_waypoints */","/*jslint","    bitwise: true,","    browser: true,","    maxerr: 8,","    maxlen: 96,","    node: true,","    nomen: true,","    regexp: true,","    stupid: true","*/","(function () {","    'use strict';","    var local;","","","","    // run shared js-env code - pre-init","    (function () {","        // init local","        local = {};","        // init modeJs","        local.modeJs = (function () {","            try {","                return typeof navigator.userAgent === 'string' &&","                    typeof document.querySelector('body') === 'object' &&","                    typeof XMLHttpRequest.prototype.open === 'function' &&","                    'browser';","            } catch (errorCaughtBrowser) {","                return module.exports &&","                    typeof process.versions.node === 'string' &&","                    typeof require('http').createServer === 'function' &&","                    'node';","            }","        }());","        // init global","        local.global = local.modeJs === 'browser'","            ? window","            : global;","        // init utility2_rollup","        local = local.global.utility2_rollup || (local.modeJs === 'browser'","            ? local.global.utility2_npmtest_waypoints","            : global.utility2_moduleExports);","        // export local","        local.global.local = local;","    }());","    switch (local.modeJs) {","","","","    // post-init","    // run browser js-env code - post-init","    /* istanbul ignore next */","    case 'browser':","        local.testRunBrowser = function (event) {","            if (!event || (event &&","                    event.currentTarget &&","                    event.currentTarget.className &&","                    event.currentTarget.className.includes &&","                    event.currentTarget.className.includes('onreset'))) {","                // reset output","                Array.from(","                    document.querySelectorAll('body > .resettable')","                ).forEach(function (element) {","                    switch (element.tagName) {","                    case 'INPUT':","                    case 'TEXTAREA':","                        element.value = '';","                        break;","                    default:","                        element.textContent = '';","                    }","                });","            }","            switch (event && event.currentTarget && event.currentTarget.id) {","            case 'testRunButton1':","                // show tests","                if (document.querySelector('#testReportDiv1').style.display === 'none') {","                    document.querySelector('#testReportDiv1').style.display = 'block';","                    document.querySelector('#testRunButton1').textContent =","                        'hide internal test';","                    local.modeTest = true;","                    local.testRunDefault(local);","                // hide tests","                } else {","                    document.querySelector('#testReportDiv1').style.display = 'none';","                    document.querySelector('#testRunButton1').textContent = 'run internal test';","                }","                break;","            // custom-case","            default:","                break;","            }","            if (document.querySelector('#inputTextareaEval1') && (!event || (event &&","                    event.currentTarget &&","                    event.currentTarget.className &&","                    event.currentTarget.className.includes &&","                    event.currentTarget.className.includes('oneval')))) {","                // try to eval input-code","                try {","                    /*jslint evil: true*/","                    eval(document.querySelector('#inputTextareaEval1').value);","                } catch (errorCaught) {","                    console.error(errorCaught);","                }","            }","        };","        // log stderr and stdout to #outputTextareaStdout1","        ['error', 'log'].forEach(function (key) {","            console[key + '_original'] = console[key];","            console[key] = function () {","                var element;","                console[key + '_original'].apply(console, arguments);","                element = document.querySelector('#outputTextareaStdout1');","                if (!element) {","                    return;","                }","                // append text to #outputTextareaStdout1","                element.value += Array.from(arguments).map(function (arg) {","                    return typeof arg === 'string'","                        ? arg","                        : JSON.stringify(arg, null, 4);","                }).join(' ') + '\\n';","                // scroll textarea to bottom","                element.scrollTop = element.scrollHeight;","            };","        });","        // init event-handling","        ['change', 'click', 'keyup'].forEach(function (event) {","            Array.from(document.querySelectorAll('.on' + event)).forEach(function (element) {","                element.addEventListener(event, local.testRunBrowser);","            });","        });","        // run tests","        local.testRunBrowser();","        break;","","","","    // run node js-env code - post-init","    /* istanbul ignore next */","    case 'node':","        // export local","        module.exports = local;","        // require modules","        local.fs = require('fs');","        local.http = require('http');","        local.url = require('url');","        // init assets","        local.assetsDict = local.assetsDict || {};","        /* jslint-ignore-begin */","        local.assetsDict['/assets.index.template.html'] = '\\","<!doctype html>\\n\\","<html lang=\"en\">\\n\\","<head>\\n\\","<meta charset=\"UTF-8\">\\n\\","<meta name=\"viewport\" content=\"width=device-width, initial-scale=1\">\\n\\","<title>{{env.npm_package_name}} (v{{env.npm_package_version}})</title>\\n\\","<style>\\n\\","/*csslint\\n\\","    box-sizing: false,\\n\\","    universal-selector: false\\n\\","*/\\n\\","* {\\n\\","    box-sizing: border-box;\\n\\","}\\n\\","body {\\n\\","    background: #dde;\\n\\","    font-family: Arial, Helvetica, sans-serif;\\n\\","    margin: 2rem;\\n\\","}\\n\\","body > * {\\n\\","    margin-bottom: 1rem;\\n\\","}\\n\\",".utility2FooterDiv {\\n\\","    margin-top: 20px;\\n\\","    text-align: center;\\n\\","}\\n\\","</style>\\n\\","<style>\\n\\","/*csslint\\n\\","*/\\n\\","textarea {\\n\\","    font-family: monospace;\\n\\","    height: 10rem;\\n\\","    width: 100%;\\n\\","}\\n\\","textarea[readonly] {\\n\\","    background: #ddd;\\n\\","}\\n\\","</style>\\n\\","</head>\\n\\","<body>\\n\\","<!-- utility2-comment\\n\\","<div id=\"ajaxProgressDiv1\" style=\"background: #d00; height: 2px; left: 0; margin: 0; padding: 0; position: fixed; top: 0; transition: background 0.5s, width 1.5s; width: 25%;\"></div>\\n\\","utility2-comment -->\\n\\","<h1>\\n\\","<!-- utility2-comment\\n\\","    <a\\n\\","        {{#if env.npm_package_homepage}}\\n\\","        href=\"{{env.npm_package_homepage}}\"\\n\\","        {{/if env.npm_package_homepage}}\\n\\","        target=\"_blank\"\\n\\","    >\\n\\","utility2-comment -->\\n\\","        {{env.npm_package_name}} (v{{env.npm_package_version}})\\n\\","<!-- utility2-comment\\n\\","    </a>\\n\\","utility2-comment -->\\n\\","</h1>\\n\\","<h3>{{env.npm_package_description}}</h3>\\n\\","<!-- utility2-comment\\n\\","<h4><a download href=\"assets.app.js\">download standalone app</a></h4>\\n\\","<button class=\"onclick onreset\" id=\"testRunButton1\">run internal test</button><br>\\n\\","<div id=\"testReportDiv1\" style=\"display: none;\"></div>\\n\\","utility2-comment -->\\n\\","\\n\\","\\n\\","\\n\\","<label>stderr and stdout</label>\\n\\","<textarea class=\"resettable\" id=\"outputTextareaStdout1\" readonly></textarea>\\n\\","<!-- utility2-comment\\n\\","{{#if isRollup}}\\n\\","<script src=\"assets.app.js\"></script>\\n\\","{{#unless isRollup}}\\n\\","utility2-comment -->\\n\\","<script src=\"assets.utility2.rollup.js\"></script>\\n\\","<script src=\"jsonp.utility2._stateInit?callback=window.utility2._stateInit\"></script>\\n\\","<script src=\"assets.npmtest_waypoints.rollup.js\"></script>\\n\\","<script src=\"assets.example.js\"></script>\\n\\","<script src=\"assets.test.js\"></script>\\n\\","<!-- utility2-comment\\n\\","{{/if isRollup}}\\n\\","utility2-comment -->\\n\\","<div class=\"utility2FooterDiv\">\\n\\","    [ this app was created with\\n\\","    <a href=\"https://github.com/kaizhu256/node-utility2\" target=\"_blank\">utility2</a>\\n\\","    ]\\n\\","</div>\\n\\","</body>\\n\\","</html>\\n\\","';","        /* jslint-ignore-end */","        if (local.templateRender) {","            local.assetsDict['/'] = local.templateRender(","                local.assetsDict['/assets.index.template.html'],","                {","                    env: local.objectSetDefault(local.env, {","                        npm_package_description: 'the greatest app in the world!',","                        npm_package_name: 'my-app',","                        npm_package_nameAlias: 'my_app',","                        npm_package_version: '0.0.1'","                    })","                }","            );","        } else {","            local.assetsDict['/'] = local.assetsDict['/assets.index.template.html']","                .replace((/\\{\\{env\\.(\\w+?)\\}\\}/g), function (match0, match1) {","                    // jslint-hack","                    String(match0);","                    switch (match1) {","                    case 'npm_package_description':","                        return 'the greatest app in the world!';","                    case 'npm_package_name':","                        return 'my-app';","                    case 'npm_package_nameAlias':","                        return 'my_app';","                    case 'npm_package_version':","                        return '0.0.1';","                    }","                });","        }","        // run the cli","        if (local.global.utility2_rollup || module !== require.main) {","            break;","        }","        local.assetsDict['/assets.example.js'] =","            local.assetsDict['/assets.example.js'] ||","            local.fs.readFileSync(__filename, 'utf8');","        // bug-workaround - long $npm_package_buildCustomOrg","        /* jslint-ignore-begin */","        local.assetsDict['/assets.npmtest_waypoints.rollup.js'] =","            local.assetsDict['/assets.npmtest_waypoints.rollup.js'] ||","            local.fs.readFileSync(","                local.npmtest_waypoints.__dirname + '/lib.npmtest_waypoints.js',","                'utf8'","            ).replace((/^#!/), '//');","        /* jslint-ignore-end */","        local.assetsDict['/favicon.ico'] = local.assetsDict['/favicon.ico'] || '';","        // if $npm_config_timeout_exit exists,","        // then exit this process after $npm_config_timeout_exit ms","        if (Number(process.env.npm_config_timeout_exit)) {","            setTimeout(process.exit, Number(process.env.npm_config_timeout_exit));","        }","        // start server","        if (local.global.utility2_serverHttp1) {","            break;","        }","        process.env.PORT = process.env.PORT || '8081';","        console.error('server starting on port ' + process.env.PORT);","        local.http.createServer(function (request, response) {","            request.urlParsed = local.url.parse(request.url);","            if (local.assetsDict[request.urlParsed.pathname] !== undefined) {","                response.end(local.assetsDict[request.urlParsed.pathname]);","                return;","            }","            response.statusCode = 404;","            response.end();","        }).listen(process.env.PORT);","        break;","    }","}());",""],"l":{"26":2,"28":2,"33":2,"35":2,"37":2,"38":2,"39":2,"44":1,"51":2,"55":2,"59":2,"61":2,"69":1,"70":2,"76":2,"79":2,"82":2,"83":2,"85":1,"89":2,"92":1,"93":1,"94":1,"96":1,"97":1,"100":1,"101":1,"103":1,"106":1,"108":2,"114":1,"116":1,"118":1,"123":1,"124":2,"125":2,"126":3,"127":3,"128":3,"129":3,"130":1,"133":3,"134":3,"139":3,"143":1,"144":3,"145":1,"149":1,"150":1,"158":1,"160":1,"161":1,"162":1,"164":1,"166":1,"258":1,"259":1,"271":1,"274":6,"275":6,"277":1,"279":2,"281":1,"283":2,"288":1,"289":1,"291":1,"296":1,"303":1,"306":1,"307":1,"310":1,"311":1,"313":1,"314":1,"315":1,"316":1,"317":1,"318":1,"319":1,"321":1,"322":1,"324":1}},"/home/travis/build/npmtest/node-npmtest-waypoints/node_modules/waypoints/gulpfile.js":{"path":"/home/travis/build/npmtest/node-npmtest-waypoints/node_modules/waypoints/gulpfile.js","s":{"1":2,"2":0,"3":0,"4":0,"5":0,"6":0,"7":0,"8":0,"9":0,"10":0,"11":0,"12":0,"13":0,"14":1,"15":0,"16":0,"17":0,"18":0,"19":0,"20":0,"21":0,"22":0,"23":0,"24":0,"25":0,"26":0,"27":0,"28":0,"29":0,"30":0,"31":0,"32":0,"33":0,"34":0,"35":0},"b":{"1":[0,0]},"f":{"1":0,"2":0,"3":0,"4":0,"5":0,"6":0,"7":0,"8":0,"9":0},"fnMap":{"1":{"name":"fileHeader","line":20,"loc":{"start":{"line":20,"column":0},"end":{"line":20,"column":27}}},"2":{"name":"(anonymous_2)","line":31,"loc":{"start":{"line":31,"column":18},"end":{"line":31,"column":29}}},"3":{"name":"(anonymous_3)","line":35,"loc":{"start":{"line":35,"column":24},"end":{"line":35,"column":35}}},"4":{"name":"(anonymous_4)","line":36,"loc":{"start":{"line":36,"column":55},"end":{"line":36,"column":73}}},"5":{"name":"(anonymous_5)","line":60,"loc":{"start":{"line":60,"column":29},"end":{"line":60,"column":40}}},"6":{"name":"(anonymous_6)","line":64,"loc":{"start":{"line":64,"column":12},"end":{"line":64,"column":27}}},"7":{"name":"(anonymous_7)","line":73,"loc":{"start":{"line":73,"column":15},"end":{"line":73,"column":30}}},"8":{"name":"(anonymous_8)","line":82,"loc":{"start":{"line":82,"column":25},"end":{"line":82,"column":36}}},"9":{"name":"(anonymous_9)","line":94,"loc":{"start":{"line":94,"column":19},"end":{"line":94,"column":30}}}},"statementMap":{"1":{"start":{"line":1,"column":0},"end":{"line":1,"column":26}},"2":{"start":{"line":2,"column":0},"end":{"line":2,"column":35}},"3":{"start":{"line":3,"column":0},"end":{"line":3,"column":35}},"4":{"start":{"line":4,"column":0},"end":{"line":4,"column":35}},"5":{"start":{"line":5,"column":0},"end":{"line":5,"column":35}},"6":{"start":{"line":6,"column":0},"end":{"line":6,"column":35}},"7":{"start":{"line":7,"column":0},"end":{"line":7,"column":35}},"8":{"start":{"line":8,"column":0},"end":{"line":8,"column":29}},"9":{"start":{"line":9,"column":0},"end":{"line":9,"column":35}},"10":{"start":{"line":10,"column":0},"end":{"line":10,"column":35}},"11":{"start":{"line":11,"column":0},"end":{"line":11,"column":26}},"12":{"start":{"line":13,"column":0},"end":{"line":13,"column":66}},"13":{"start":{"line":14,"column":0},"end":{"line":18,"column":1}},"14":{"start":{"line":20,"column":0},"end":{"line":29,"column":1}},"15":{"start":{"line":21,"column":2},"end":{"line":28,"column":14}},"16":{"start":{"line":31,"column":0},"end":{"line":33,"column":2}},"17":{"start":{"line":32,"column":2},"end":{"line":32,"column":74}},"18":{"start":{"line":35,"column":0},"end":{"line":58,"column":2}},"19":{"start":{"line":36,"column":2},"end":{"line":56,"column":4}},"20":{"start":{"line":37,"column":4},"end":{"line":42,"column":5}},"21":{"start":{"line":43,"column":4},"end":{"line":45,"column":5}},"22":{"start":{"line":44,"column":6},"end":{"line":44,"column":63}},"23":{"start":{"line":46,"column":4},"end":{"line":55,"column":28}},"24":{"start":{"line":57,"column":2},"end":{"line":57,"column":35}},"25":{"start":{"line":60,"column":0},"end":{"line":80,"column":2}},"26":{"start":{"line":61,"column":2},"end":{"line":79,"column":36}},"27":{"start":{"line":65,"column":4},"end":{"line":65,"column":47}},"28":{"start":{"line":66,"column":4},"end":{"line":69,"column":6}},"29":{"start":{"line":74,"column":4},"end":{"line":74,"column":27}},"30":{"start":{"line":82,"column":0},"end":{"line":90,"column":2}},"31":{"start":{"line":83,"column":2},"end":{"line":89,"column":26}},"32":{"start":{"line":92,"column":0},"end":{"line":92,"column":68}},"33":{"start":{"line":94,"column":0},"end":{"line":96,"column":2}},"34":{"start":{"line":95,"column":2},"end":{"line":95,"column":40}},"35":{"start":{"line":98,"column":0},"end":{"line":98,"column":48}}},"branchMap":{"1":{"line":43,"type":"if","locations":[{"start":{"line":43,"column":4},"end":{"line":43,"column":4}},{"start":{"line":43,"column":4},"end":{"line":43,"column":4}}]}},"code":["var gulp = require('gulp')","var eslint = require('gulp-eslint')","var concat = require('gulp-concat')","var uglify = require('gulp-uglify')","var rename = require('gulp-rename')","var header = require('gulp-header')","var footer = require('gulp-footer')","var tap = require('gulp-tap')","var merge = require('merge-stream')","var pkg = require('./package.json')","var path = require('path')","","var jsFiles = ['src/**/*.js', 'test/**/*.js', '!test/lib/**/*.js']","var shortcutTitles = {","  'infinite': 'Waypoints Infinite Scroll Shortcut',","  'inview': 'Waypoints Inview Shortcut',","  'sticky': 'Waypoints Sticky Element Shortcut'","}","","function fileHeader(title) {","  return [","    '/*!',","    title + ' - ' + pkg.version,","    'Copyright © 2011-' + new Date().getFullYear() + ' Caleb Troughton',","    'Licensed under the MIT license.',","    'https://github.com/imakewebthings/waypoints/blob/master/licenses.txt',","    '*/\\n'","  ].join('\\n')","}","","gulp.task('lint', function() {","  return gulp.src(jsFiles).pipe(eslint('.eslintrc')).pipe(eslint.format())","})","","gulp.task('build-core', function() {","  var streams = ['noframework', 'jquery', 'zepto'].map(function(adapter) {","    var sources = [","      'src/waypoint.js',","      'src/context.js',","      'src/group.js',","      'src/adapters/' + adapter + '.js'","    ]","    if (['jquery', 'zepto'].indexOf(adapter) > -1) {","      sources.push('src/adapters/jquery-zepto-fn-extension.js')","    }","    return gulp.src(sources)","    .pipe(concat(adapter + '.waypoints.js', { newLine: ';' }))","    .pipe(header(fileHeader('Waypoints')))","    .pipe(footer(';'))","    .pipe(gulp.dest('lib/'))","    .pipe(rename(adapter + '.waypoints.min.js'))","    .pipe(uglify({","      preserveComments: 'some'","    }))","    .pipe(gulp.dest('lib/'))","  })","  return merge.apply(null, streams)","})","","gulp.task('build-shortcuts', function() {","  return gulp.src([","    'src/shortcuts/*.js'","  ])","  .pipe(tap(function(file) {","    var title = path.basename(file.path, '.js')","    file.contents = Buffer.concat([","      new Buffer(fileHeader(shortcutTitles[title])),","      file.contents","    ])","  }))","  .pipe(footer(';'))","  .pipe(gulp.dest('lib/shortcuts/'))","  .pipe(rename(function(path) {","    path.basename += '.min'","  }))","  .pipe(uglify({","    preserveComments: 'some'","  }))","  .pipe(gulp.dest('lib/shortcuts/'))","})","","gulp.task('build-debug', function() {","  return gulp.src([","    'src/debug.js'","  ])","  .pipe(rename('waypoints.debug.js'))","  .pipe(header(fileHeader('Waypoints Debug')))","  .pipe(footer(';'))","  .pipe(gulp.dest('lib/'))","})","","gulp.task('build', ['build-core', 'build-shortcuts', 'build-debug'])","","gulp.task('watch', function() {","  gulp.watch(jsFiles, ['lint', 'build'])","})","","gulp.task('default', ['lint', 'build', 'watch'])",""],"l":{"1":2,"2":0,"3":0,"4":0,"5":0,"6":0,"7":0,"8":0,"9":0,"10":0,"11":0,"13":0,"14":0,"20":1,"21":0,"31":0,"32":0,"35":0,"36":0,"37":0,"43":0,"44":0,"46":0,"57":0,"60":0,"61":0,"65":0,"66":0,"74":0,"82":0,"83":0,"92":0,"94":0,"95":0,"98":0}},"/home/travis/build/npmtest/node-npmtest-waypoints/node_modules/waypoints/lib/jquery.waypoints.js":{"path":"/home/travis/build/npmtest/node-npmtest-waypoints/node_modules/waypoints/lib/jquery.waypoints.js","s":{"1":2,"2":2,"3":2,"4":1,"5":0,"6":0,"7":0,"8":0,"9":0,"10":0,"11":0,"12":0,"13":0,"14":0,"15":0,"16":0,"17":0,"18":0,"19":0,"20":0,"21":0,"22":0,"23":0,"24":0,"25":0,"26":0,"27":2,"28":0,"29":2,"30":0,"31":0,"32":0,"33":0,"34":2,"35":0,"36":0,"37":0,"38":2,"39":0,"40":0,"41":2,"42":0,"43":0,"44":0,"45":2,"46":0,"47":2,"48":0,"49":2,"50":0,"51":0,"52":0,"53":0,"54":0,"55":2,"56":0,"57":2,"58":0,"59":2,"60":0,"61":0,"62":0,"63":0,"64":2,"65":0,"66":2,"67":0,"68":2,"69":0,"70":2,"71":2,"72":0,"73":0,"74":0,"75":0,"76":0,"77":1,"78":0,"79":0,"80":0,"81":0,"82":0,"83":1,"84":0,"85":0,"86":0,"87":0,"88":0,"89":0,"90":0,"91":0,"92":0,"93":0,"94":0,"95":0,"96":0,"97":0,"98":0,"99":0,"100":0,"101":0,"102":0,"103":0,"104":0,"105":0,"106":0,"107":0,"108":0,"109":0,"110":0,"111":0,"112":0,"113":1,"114":0,"115":0,"116":0,"117":0,"118":0,"119":0,"120":0,"121":0,"122":1,"123":0,"124":0,"125":0,"126":0,"127":0,"128":0,"129":0,"130":0,"131":0,"132":0,"133":0,"134":0,"135":0,"136":0,"137":0,"138":0,"139":0,"140":0,"141":0,"142":0,"143":0,"144":0,"145":0,"146":0,"147":0,"148":0,"149":0,"150":0,"151":0,"152":0,"153":0,"154":0,"155":0,"156":0,"157":0,"158":0,"159":0,"160":0,"161":0,"162":0,"163":0,"164":0,"165":0,"166":0,"167":0,"168":0,"169":0,"170":0,"171":0,"172":0,"173":0,"174":0,"175":0,"176":0,"177":0,"178":0,"179":0,"180":0,"181":0,"182":0,"183":0,"184":0,"185":0,"186":0,"187":0,"188":0,"189":0,"190":0,"191":0,"192":0,"193":0,"194":0,"195":0,"196":0,"197":0,"198":0,"199":0,"200":0,"201":0,"202":0,"203":0,"204":0,"205":0,"206":0,"207":0,"208":0,"209":0,"210":0,"211":0,"212":0,"213":0,"214":0,"215":0,"216":0,"217":0,"218":0,"219":0,"220":0,"221":0,"222":0,"223":0,"224":0,"225":0,"226":0,"227":0,"228":0,"229":0,"230":1,"231":0,"232":1,"233":0,"234":0,"235":0,"236":1,"237":0,"238":0,"239":0,"240":0,"241":0,"242":0,"243":0,"244":0,"245":0,"246":0,"247":0,"248":0,"249":0,"250":0,"251":0,"252":0,"253":0,"254":0,"255":0,"256":0,"257":0,"258":0,"259":0,"260":0,"261":0,"262":0,"263":0,"264":0,"265":0,"266":0,"267":0,"268":0,"269":0,"270":0,"271":0,"272":0,"273":0,"274":0,"275":0,"276":0,"277":0,"278":0,"279":0,"280":0,"281":0,"282":1,"283":0,"284":0,"285":0,"286":0,"287":0,"288":0,"289":0,"290":0,"291":0,"292":0,"293":0,"294":1,"295":0,"296":0,"297":0,"298":0,"299":0,"300":0,"301":0,"302":0,"303":0,"304":0,"305":0,"306":0,"307":0,"308":0,"309":0,"310":0},"b":{"1":[0,0],"2":[0,0],"3":[0,0],"4":[0,0],"5":[0,0],"6":[0,0],"7":[0,0],"8":[0,0],"9":[0,0],"10":[0,0],"11":[0,0],"12":[0,0,0],"13":[0,0],"14":[0,0],"15":[0,0],"16":[0,0],"17":[0,0],"18":[0,0],"19":[0,0],"20":[0,0],"21":[0,0],"22":[0,0],"23":[0,0],"24":[0,0],"25":[0,0],"26":[0,0],"27":[0,0],"28":[0,0],"29":[0,0],"30":[0,0],"31":[0,0],"32":[0,0],"33":[0,0],"34":[0,0],"35":[0,0],"36":[0,0],"37":[0,0],"38":[0,0],"39":[0,0],"40":[0,0],"41":[0,0],"42":[0,0],"43":[0,0,0,0],"44":[0,0],"45":[0,0],"46":[0,0],"47":[0,0],"48":[0,0],"49":[0,0],"50":[0,0],"51":[0,0],"52":[0,0],"53":[0,0],"54":[0,0],"55":[0,0]},"f":{"1":2,"2":0,"3":0,"4":0,"5":0,"6":0,"7":0,"8":0,"9":0,"10":0,"11":0,"12":0,"13":0,"14":0,"15":0,"16":0,"17":0,"18":0,"19":0,"20":0,"21":0,"22":0,"23":0,"24":0,"25":0,"26":0,"27":0,"28":0,"29":0,"30":0,"31":0,"32":0,"33":0,"34":0,"35":0,"36":0,"37":0,"38":0,"39":0,"40":0,"41":0,"42":0,"43":0,"44":0,"45":0,"46":0,"47":0,"48":0,"49":0,"50":0,"51":0,"52":0,"53":0,"54":0,"55":0,"56":0,"57":0,"58":0,"59":0,"60":0,"61":0,"62":0,"63":0,"64":0,"65":0},"fnMap":{"1":{"name":"(anonymous_1)","line":7,"loc":{"start":{"line":7,"column":1},"end":{"line":7,"column":12}}},"2":{"name":"Waypoint","line":14,"loc":{"start":{"line":14,"column":2},"end":{"line":14,"column":29}}},"3":{"name":"(anonymous_3)","line":49,"loc":{"start":{"line":49,"column":36},"end":{"line":49,"column":56}}},"4":{"name":"(anonymous_4)","line":54,"loc":{"start":{"line":54,"column":31},"end":{"line":54,"column":46}}},"5":{"name":"(anonymous_5)","line":65,"loc":{"start":{"line":65,"column":31},"end":{"line":65,"column":42}}},"6":{"name":"(anonymous_6)","line":73,"loc":{"start":{"line":73,"column":31},"end":{"line":73,"column":42}}},"7":{"name":"(anonymous_7)","line":80,"loc":{"start":{"line":80,"column":30},"end":{"line":80,"column":41}}},"8":{"name":"(anonymous_8)","line":88,"loc":{"start":{"line":88,"column":28},"end":{"line":88,"column":39}}},"9":{"name":"(anonymous_9)","line":94,"loc":{"start":{"line":94,"column":32},"end":{"line":94,"column":43}}},"10":{"name":"(anonymous_10)","line":99,"loc":{"start":{"line":99,"column":23},"end":{"line":99,"column":40}}},"11":{"name":"(anonymous_11)","line":111,"loc":{"start":{"line":111,"column":24},"end":{"line":111,"column":35}}},"12":{"name":"(anonymous_12)","line":117,"loc":{"start":{"line":117,"column":24},"end":{"line":117,"column":35}}},"13":{"name":"(anonymous_13)","line":123,"loc":{"start":{"line":123,"column":23},"end":{"line":123,"column":34}}},"14":{"name":"(anonymous_14)","line":133,"loc":{"start":{"line":133,"column":24},"end":{"line":133,"column":35}}},"15":{"name":"(anonymous_15)","line":139,"loc":{"start":{"line":139,"column":28},"end":{"line":139,"column":39}}},"16":{"name":"(anonymous_16)","line":145,"loc":{"start":{"line":145,"column":27},"end":{"line":145,"column":38}}},"17":{"name":"(anonymous_17)","line":161,"loc":{"start":{"line":161,"column":22},"end":{"line":161,"column":33}}},"18":{"name":"(anonymous_18)","line":164,"loc":{"start":{"line":164,"column":21},"end":{"line":164,"column":32}}},"19":{"name":"(anonymous_19)","line":171,"loc":{"start":{"line":171,"column":2},"end":{"line":171,"column":13}}},"20":{"name":"requestAnimationFrameShim","line":174,"loc":{"start":{"line":174,"column":2},"end":{"line":174,"column":47}}},"21":{"name":"Context","line":184,"loc":{"start":{"line":184,"column":2},"end":{"line":184,"column":28}}},"22":{"name":"(anonymous_22)","line":213,"loc":{"start":{"line":213,"column":26},"end":{"line":213,"column":45}}},"23":{"name":"(anonymous_23)","line":220,"loc":{"start":{"line":220,"column":33},"end":{"line":220,"column":44}}},"24":{"name":"(anonymous_24)","line":231,"loc":{"start":{"line":231,"column":51},"end":{"line":231,"column":62}}},"25":{"name":"resizeHandler","line":234,"loc":{"start":{"line":234,"column":4},"end":{"line":234,"column":29}}},"26":{"name":"(anonymous_26)","line":239,"loc":{"start":{"line":239,"column":40},"end":{"line":239,"column":51}}},"27":{"name":"(anonymous_27)","line":248,"loc":{"start":{"line":248,"column":51},"end":{"line":248,"column":62}}},"28":{"name":"scrollHandler","line":250,"loc":{"start":{"line":250,"column":4},"end":{"line":250,"column":29}}},"29":{"name":"(anonymous_29)","line":255,"loc":{"start":{"line":255,"column":40},"end":{"line":255,"column":51}}},"30":{"name":"(anonymous_30)","line":264,"loc":{"start":{"line":264,"column":35},"end":{"line":264,"column":46}}},"31":{"name":"(anonymous_31)","line":269,"loc":{"start":{"line":269,"column":35},"end":{"line":269,"column":46}}},"32":{"name":"(anonymous_32)","line":318,"loc":{"start":{"line":318,"column":34},"end":{"line":318,"column":45}}},"33":{"name":"(anonymous_33)","line":328,"loc":{"start":{"line":328,"column":29},"end":{"line":328,"column":48}}},"34":{"name":"(anonymous_34)","line":334,"loc":{"start":{"line":334,"column":33},"end":{"line":334,"column":44}}},"35":{"name":"(anonymous_35)","line":345,"loc":{"start":{"line":345,"column":30},"end":{"line":345,"column":41}}},"36":{"name":"(anonymous_36)","line":359,"loc":{"start":{"line":359,"column":30},"end":{"line":359,"column":41}}},"37":{"name":"(anonymous_37)","line":436,"loc":{"start":{"line":436,"column":35},"end":{"line":436,"column":46}}},"38":{"name":"(anonymous_38)","line":446,"loc":{"start":{"line":446,"column":34},"end":{"line":446,"column":52}}},"39":{"name":"(anonymous_39)","line":451,"loc":{"start":{"line":451,"column":23},"end":{"line":451,"column":34}}},"40":{"name":"(anonymous_40)","line":459,"loc":{"start":{"line":459,"column":26},"end":{"line":459,"column":44}}},"41":{"name":"(anonymous_41)","line":463,"loc":{"start":{"line":463,"column":18},"end":{"line":463,"column":29}}},"42":{"name":"(anonymous_42)","line":471,"loc":{"start":{"line":471,"column":35},"end":{"line":471,"column":54}}},"43":{"name":"(anonymous_43)","line":480,"loc":{"start":{"line":480,"column":2},"end":{"line":480,"column":13}}},"44":{"name":"byTriggerPoint","line":483,"loc":{"start":{"line":483,"column":2},"end":{"line":483,"column":32}}},"45":{"name":"byReverseTriggerPoint","line":487,"loc":{"start":{"line":487,"column":2},"end":{"line":487,"column":39}}},"46":{"name":"Group","line":498,"loc":{"start":{"line":498,"column":2},"end":{"line":498,"column":26}}},"47":{"name":"(anonymous_47)","line":508,"loc":{"start":{"line":508,"column":24},"end":{"line":508,"column":43}}},"48":{"name":"(anonymous_48)","line":513,"loc":{"start":{"line":513,"column":39},"end":{"line":513,"column":50}}},"49":{"name":"(anonymous_49)","line":523,"loc":{"start":{"line":523,"column":34},"end":{"line":523,"column":45}}},"50":{"name":"(anonymous_50)","line":539,"loc":{"start":{"line":539,"column":25},"end":{"line":539,"column":44}}},"51":{"name":"(anonymous_51)","line":547,"loc":{"start":{"line":547,"column":29},"end":{"line":547,"column":48}}},"52":{"name":"(anonymous_52)","line":554,"loc":{"start":{"line":554,"column":33},"end":{"line":554,"column":63}}},"53":{"name":"(anonymous_53)","line":559,"loc":{"start":{"line":559,"column":27},"end":{"line":559,"column":46}}},"54":{"name":"(anonymous_54)","line":568,"loc":{"start":{"line":568,"column":26},"end":{"line":568,"column":37}}},"55":{"name":"(anonymous_55)","line":574,"loc":{"start":{"line":574,"column":25},"end":{"line":574,"column":36}}},"56":{"name":"(anonymous_56)","line":579,"loc":{"start":{"line":579,"column":23},"end":{"line":579,"column":41}}},"57":{"name":"(anonymous_57)","line":585,"loc":{"start":{"line":585,"column":2},"end":{"line":585,"column":13}}},"58":{"name":"JQueryAdapter","line":591,"loc":{"start":{"line":591,"column":2},"end":{"line":591,"column":34}}},"59":{"name":"(anonymous_59)","line":605,"loc":{"start":{"line":605,"column":5},"end":{"line":605,"column":25}}},"60":{"name":"(anonymous_60)","line":606,"loc":{"start":{"line":606,"column":38},"end":{"line":606,"column":49}}},"61":{"name":"(anonymous_61)","line":616,"loc":{"start":{"line":616,"column":5},"end":{"line":616,"column":25}}},"62":{"name":"(anonymous_62)","line":626,"loc":{"start":{"line":626,"column":2},"end":{"line":626,"column":13}}},"63":{"name":"createExtension","line":631,"loc":{"start":{"line":631,"column":2},"end":{"line":631,"column":38}}},"64":{"name":"(anonymous_64)","line":632,"loc":{"start":{"line":632,"column":11},"end":{"line":632,"column":22}}},"65":{"name":"(anonymous_65)","line":641,"loc":{"start":{"line":641,"column":16},"end":{"line":641,"column":27}}}},"statementMap":{"1":{"start":{"line":7,"column":0},"end":{"line":171,"column":1}},"2":{"start":{"line":10,"column":2},"end":{"line":10,"column":20}},"3":{"start":{"line":11,"column":2},"end":{"line":11,"column":23}},"4":{"start":{"line":14,"column":2},"end":{"line":46,"column":3}},"5":{"start":{"line":15,"column":4},"end":{"line":17,"column":5}},"6":{"start":{"line":16,"column":6},"end":{"line":16,"column":66}},"7":{"start":{"line":18,"column":4},"end":{"line":20,"column":5}},"8":{"start":{"line":19,"column":6},"end":{"line":19,"column":73}},"9":{"start":{"line":21,"column":4},"end":{"line":23,"column":5}},"10":{"start":{"line":22,"column":6},"end":{"line":22,"column":73}},"11":{"start":{"line":25,"column":4},"end":{"line":25,"column":39}},"12":{"start":{"line":26,"column":4},"end":{"line":26,"column":74}},"13":{"start":{"line":27,"column":4},"end":{"line":27,"column":39}},"14":{"start":{"line":28,"column":4},"end":{"line":28,"column":53}},"15":{"start":{"line":29,"column":4},"end":{"line":29,"column":35}},"16":{"start":{"line":30,"column":4},"end":{"line":30,"column":67}},"17":{"start":{"line":31,"column":4},"end":{"line":31,"column":39}},"18":{"start":{"line":32,"column":4},"end":{"line":32,"column":28}},"19":{"start":{"line":33,"column":4},"end":{"line":36,"column":6}},"20":{"start":{"line":37,"column":4},"end":{"line":37,"column":79}},"21":{"start":{"line":39,"column":4},"end":{"line":41,"column":5}},"22":{"start":{"line":40,"column":6},"end":{"line":40,"column":71}},"23":{"start":{"line":42,"column":4},"end":{"line":42,"column":24}},"24":{"start":{"line":43,"column":4},"end":{"line":43,"column":26}},"25":{"start":{"line":44,"column":4},"end":{"line":44,"column":33}},"26":{"start":{"line":45,"column":4},"end":{"line":45,"column":19}},"27":{"start":{"line":49,"column":2},"end":{"line":51,"column":3}},"28":{"start":{"line":50,"column":4},"end":{"line":50,"column":44}},"29":{"start":{"line":54,"column":2},"end":{"line":61,"column":3}},"30":{"start":{"line":55,"column":4},"end":{"line":57,"column":5}},"31":{"start":{"line":56,"column":6},"end":{"line":56,"column":12}},"32":{"start":{"line":58,"column":4},"end":{"line":60,"column":5}},"33":{"start":{"line":59,"column":6},"end":{"line":59,"column":37}},"34":{"start":{"line":65,"column":2},"end":{"line":69,"column":3}},"35":{"start":{"line":66,"column":4},"end":{"line":66,"column":29}},"36":{"start":{"line":67,"column":4},"end":{"line":67,"column":27}},"37":{"start":{"line":68,"column":4},"end":{"line":68,"column":33}},"38":{"start":{"line":73,"column":2},"end":{"line":76,"column":3}},"39":{"start":{"line":74,"column":4},"end":{"line":74,"column":24}},"40":{"start":{"line":75,"column":4},"end":{"line":75,"column":15}},"41":{"start":{"line":80,"column":2},"end":{"line":84,"column":3}},"42":{"start":{"line":81,"column":4},"end":{"line":81,"column":26}},"43":{"start":{"line":82,"column":4},"end":{"line":82,"column":23}},"44":{"start":{"line":83,"column":4},"end":{"line":83,"column":15}},"45":{"start":{"line":88,"column":2},"end":{"line":90,"column":3}},"46":{"start":{"line":89,"column":4},"end":{"line":89,"column":32}},"47":{"start":{"line":94,"column":2},"end":{"line":96,"column":3}},"48":{"start":{"line":95,"column":4},"end":{"line":95,"column":36}},"49":{"start":{"line":99,"column":2},"end":{"line":107,"column":3}},"50":{"start":{"line":100,"column":4},"end":{"line":100,"column":30}},"51":{"start":{"line":101,"column":4},"end":{"line":103,"column":5}},"52":{"start":{"line":102,"column":6},"end":{"line":102,"column":55}},"53":{"start":{"line":104,"column":4},"end":{"line":106,"column":5}},"54":{"start":{"line":105,"column":6},"end":{"line":105,"column":36}},"55":{"start":{"line":111,"column":2},"end":{"line":113,"column":3}},"56":{"start":{"line":112,"column":4},"end":{"line":112,"column":33}},"57":{"start":{"line":117,"column":2},"end":{"line":119,"column":3}},"58":{"start":{"line":118,"column":4},"end":{"line":118,"column":33}},"59":{"start":{"line":123,"column":2},"end":{"line":129,"column":3}},"60":{"start":{"line":124,"column":4},"end":{"line":124,"column":33}},"61":{"start":{"line":125,"column":4},"end":{"line":127,"column":5}},"62":{"start":{"line":126,"column":6},"end":{"line":126,"column":46}},"63":{"start":{"line":128,"column":4},"end":{"line":128,"column":15}},"64":{"start":{"line":133,"column":2},"end":{"line":135,"column":3}},"65":{"start":{"line":134,"column":4},"end":{"line":134,"column":33}},"66":{"start":{"line":139,"column":2},"end":{"line":141,"column":3}},"67":{"start":{"line":140,"column":4},"end":{"line":140,"column":70}},"68":{"start":{"line":145,"column":2},"end":{"line":147,"column":3}},"69":{"start":{"line":146,"column":4},"end":{"line":146,"column":47}},"70":{"start":{"line":149,"column":2},"end":{"line":149,"column":24}},"71":{"start":{"line":151,"column":2},"end":{"line":158,"column":3}},"72":{"start":{"line":160,"column":2},"end":{"line":167,"column":3}},"73":{"start":{"line":162,"column":6},"end":{"line":162,"column":68}},"74":{"start":{"line":165,"column":6},"end":{"line":165,"column":66}},"75":{"start":{"line":169,"column":2},"end":{"line":169,"column":28}},"76":{"start":{"line":171,"column":1},"end":{"line":480,"column":1}},"77":{"start":{"line":174,"column":2},"end":{"line":176,"column":3}},"78":{"start":{"line":175,"column":4},"end":{"line":175,"column":42}},"79":{"start":{"line":178,"column":2},"end":{"line":178,"column":20}},"80":{"start":{"line":179,"column":2},"end":{"line":179,"column":19}},"81":{"start":{"line":180,"column":2},"end":{"line":180,"column":32}},"82":{"start":{"line":181,"column":2},"end":{"line":181,"column":35}},"83":{"start":{"line":184,"column":2},"end":{"line":210,"column":3}},"84":{"start":{"line":185,"column":4},"end":{"line":185,"column":26}},"85":{"start":{"line":186,"column":4},"end":{"line":186,"column":35}},"86":{"start":{"line":187,"column":4},"end":{"line":187,"column":44}},"87":{"start":{"line":188,"column":4},"end":{"line":188,"column":47}},"88":{"start":{"line":189,"column":4},"end":{"line":189,"column":26}},"89":{"start":{"line":190,"column":4},"end":{"line":190,"column":26}},"90":{"start":{"line":191,"column":4},"end":{"line":194,"column":5}},"91":{"start":{"line":195,"column":4},"end":{"line":198,"column":5}},"92":{"start":{"line":200,"column":4},"end":{"line":200,"column":41}},"93":{"start":{"line":201,"column":4},"end":{"line":201,"column":47}},"94":{"start":{"line":202,"column":4},"end":{"line":202,"column":19}},"95":{"start":{"line":203,"column":4},"end":{"line":206,"column":5}},"96":{"start":{"line":204,"column":6},"end":{"line":204,"column":35}},"97":{"start":{"line":205,"column":6},"end":{"line":205,"column":50}},"98":{"start":{"line":208,"column":4},"end":{"line":208,"column":39}},"99":{"start":{"line":209,"column":4},"end":{"line":209,"column":39}},"100":{"start":{"line":213,"column":2},"end":{"line":217,"column":3}},"101":{"start":{"line":214,"column":4},"end":{"line":214,"column":70}},"102":{"start":{"line":215,"column":4},"end":{"line":215,"column":49}},"103":{"start":{"line":216,"column":4},"end":{"line":216,"column":18}},"104":{"start":{"line":220,"column":2},"end":{"line":228,"column":3}},"105":{"start":{"line":221,"column":4},"end":{"line":221,"column":79}},"106":{"start":{"line":222,"column":4},"end":{"line":222,"column":75}},"107":{"start":{"line":223,"column":4},"end":{"line":223,"column":54}},"108":{"start":{"line":224,"column":4},"end":{"line":227,"column":5}},"109":{"start":{"line":225,"column":6},"end":{"line":225,"column":36}},"110":{"start":{"line":226,"column":6},"end":{"line":226,"column":31}},"111":{"start":{"line":231,"column":2},"end":{"line":245,"column":3}},"112":{"start":{"line":232,"column":4},"end":{"line":232,"column":19}},"113":{"start":{"line":234,"column":4},"end":{"line":237,"column":5}},"114":{"start":{"line":235,"column":6},"end":{"line":235,"column":25}},"115":{"start":{"line":236,"column":6},"end":{"line":236,"column":28}},"116":{"start":{"line":239,"column":4},"end":{"line":244,"column":6}},"117":{"start":{"line":240,"column":6},"end":{"line":243,"column":7}},"118":{"start":{"line":241,"column":8},"end":{"line":241,"column":29}},"119":{"start":{"line":242,"column":8},"end":{"line":242,"column":53}},"120":{"start":{"line":248,"column":2},"end":{"line":261,"column":3}},"121":{"start":{"line":249,"column":4},"end":{"line":249,"column":19}},"122":{"start":{"line":250,"column":4},"end":{"line":253,"column":5}},"123":{"start":{"line":251,"column":6},"end":{"line":251,"column":25}},"124":{"start":{"line":252,"column":6},"end":{"line":252,"column":28}},"125":{"start":{"line":255,"column":4},"end":{"line":260,"column":6}},"126":{"start":{"line":256,"column":6},"end":{"line":259,"column":7}},"127":{"start":{"line":257,"column":8},"end":{"line":257,"column":29}},"128":{"start":{"line":258,"column":8},"end":{"line":258,"column":53}},"129":{"start":{"line":264,"column":2},"end":{"line":266,"column":3}},"130":{"start":{"line":265,"column":4},"end":{"line":265,"column":33}},"131":{"start":{"line":269,"column":2},"end":{"line":315,"column":3}},"132":{"start":{"line":270,"column":4},"end":{"line":270,"column":28}},"133":{"start":{"line":271,"column":4},"end":{"line":284,"column":5}},"134":{"start":{"line":286,"column":4},"end":{"line":305,"column":5}},"135":{"start":{"line":287,"column":6},"end":{"line":287,"column":30}},"136":{"start":{"line":288,"column":6},"end":{"line":288,"column":53}},"137":{"start":{"line":289,"column":6},"end":{"line":289,"column":62}},"138":{"start":{"line":291,"column":6},"end":{"line":304,"column":7}},"139":{"start":{"line":292,"column":8},"end":{"line":292,"column":59}},"140":{"start":{"line":293,"column":8},"end":{"line":295,"column":9}},"141":{"start":{"line":294,"column":10},"end":{"line":294,"column":18}},"142":{"start":{"line":296,"column":8},"end":{"line":296,"column":74}},"143":{"start":{"line":297,"column":8},"end":{"line":297,"column":74}},"144":{"start":{"line":298,"column":8},"end":{"line":298,"column":74}},"145":{"start":{"line":299,"column":8},"end":{"line":299,"column":77}},"146":{"start":{"line":300,"column":8},"end":{"line":303,"column":9}},"147":{"start":{"line":301,"column":10},"end":{"line":301,"column":42}},"148":{"start":{"line":302,"column":10},"end":{"line":302,"column":61}},"149":{"start":{"line":307,"column":4},"end":{"line":309,"column":5}},"150":{"start":{"line":308,"column":6},"end":{"line":308,"column":47}},"151":{"start":{"line":311,"column":4},"end":{"line":314,"column":5}},"152":{"start":{"line":318,"column":2},"end":{"line":325,"column":3}},"153":{"start":{"line":320,"column":4},"end":{"line":322,"column":5}},"154":{"start":{"line":321,"column":6},"end":{"line":321,"column":38}},"155":{"start":{"line":324,"column":4},"end":{"line":324,"column":37}},"156":{"start":{"line":328,"column":2},"end":{"line":331,"column":3}},"157":{"start":{"line":329,"column":4},"end":{"line":329,"column":54}},"158":{"start":{"line":330,"column":4},"end":{"line":330,"column":21}},"159":{"start":{"line":334,"column":2},"end":{"line":341,"column":3}},"160":{"start":{"line":336,"column":4},"end":{"line":338,"column":5}},"161":{"start":{"line":337,"column":6},"end":{"line":337,"column":37}},"162":{"start":{"line":340,"column":4},"end":{"line":340,"column":36}},"163":{"start":{"line":345,"column":2},"end":{"line":355,"column":3}},"164":{"start":{"line":346,"column":4},"end":{"line":346,"column":25}},"165":{"start":{"line":347,"column":4},"end":{"line":351,"column":5}},"166":{"start":{"line":348,"column":6},"end":{"line":350,"column":7}},"167":{"start":{"line":349,"column":8},"end":{"line":349,"column":60}},"168":{"start":{"line":352,"column":4},"end":{"line":354,"column":5}},"169":{"start":{"line":353,"column":6},"end":{"line":353,"column":31}},"170":{"start":{"line":359,"column":2},"end":{"line"
[...]
:114,"column":21}},"67":{"start":{"line":116,"column":4},"end":{"line":120,"column":5}},"68":{"start":{"line":117,"column":6},"end":{"line":117,"column":59}},"69":{"start":{"line":118,"column":6},"end":{"line":118,"column":53}},"70":{"start":{"line":119,"column":6},"end":{"line":119,"column":54}},"71":{"start":{"line":122,"column":4},"end":{"line":122,"column":16}},"72":{"start":{"line":125,"column":2},"end":{"line":128,"column":3}},"73":{"start":{"line":126,"column":4},"end":{"line":126,"column":37}},"74":{"start":{"line":127,"column":4},"end":{"line":127,"column":58}},"75":{"start":{"line":130,"column":2},"end":{"line":133,"column":3}},"76":{"start":{"line":131,"column":4},"end":{"line":131,"column":37}},"77":{"start":{"line":132,"column":4},"end":{"line":132,"column":57}},"78":{"start":{"line":135,"column":2},"end":{"line":154,"column":3}},"79":{"start":{"line":136,"column":4},"end":{"line":136,"column":52}},"80":{"start":{"line":138,"column":4},"end":{"line":148,"column":5}},"81":{"start":{"line":139,"column":6},"end":{"line":145,"column":7}},"82":{"start":{"line":140,"column":8},"end":{"line":144,"column":9}},"83":{"start":{"line":141,"column":10},"end":{"line":143,"column":11}},"84":{"start":{"line":142,"column":12},"end":{"line":142,"column":34}},"85":{"start":{"line":147,"column":6},"end":{"line":147,"column":19}},"86":{"start":{"line":150,"column":4},"end":{"line":152,"column":5}},"87":{"start":{"line":151,"column":6},"end":{"line":151,"column":29}},"88":{"start":{"line":153,"column":4},"end":{"line":153,"column":18}},"89":{"start":{"line":156,"column":2},"end":{"line":158,"column":3}},"90":{"start":{"line":157,"column":4},"end":{"line":157,"column":57}},"91":{"start":{"line":160,"column":2},"end":{"line":166,"column":3}},"92":{"start":{"line":162,"column":4},"end":{"line":164,"column":5}},"93":{"start":{"line":163,"column":6},"end":{"line":163,"column":18}},"94":{"start":{"line":165,"column":4},"end":{"line":165,"column":15}},"95":{"start":{"line":168,"column":2},"end":{"line":171,"column":4}},"96":{"start":{"line":172,"column":2},"end":{"line":172,"column":39}}},"branchMap":{"1":{"line":11,"type":"if","locations":[{"start":{"line":11,"column":4},"end":{"line":11,"column":4}},{"start":{"line":11,"column":4},"end":{"line":11,"column":4}}]},"2":{"line":24,"type":"cond-expr","locations":[{"start":{"line":24,"column":19},"end":{"line":24,"column":43}},{"start":{"line":24,"column":46},"end":{"line":24,"column":71}}]},"3":{"line":29,"type":"cond-expr","locations":[{"start":{"line":29,"column":19},"end":{"line":29,"column":42}},{"start":{"line":29,"column":45},"end":{"line":29,"column":69}}]},"4":{"line":36,"type":"if","locations":[{"start":{"line":36,"column":8},"end":{"line":36,"column":8}},{"start":{"line":36,"column":8},"end":{"line":36,"column":8}}]},"5":{"line":36,"type":"binary-expr","locations":[{"start":{"line":36,"column":12},"end":{"line":36,"column":20}},{"start":{"line":36,"column":24},"end":{"line":36,"column":44}}]},"6":{"line":47,"type":"if","locations":[{"start":{"line":47,"column":4},"end":{"line":47,"column":4}},{"start":{"line":47,"column":4},"end":{"line":47,"column":4}}]},"7":{"line":47,"type":"binary-expr","locations":[{"start":{"line":47,"column":8},"end":{"line":47,"column":17}},{"start":{"line":47,"column":21},"end":{"line":47,"column":45}},{"start":{"line":47,"column":49},"end":{"line":47,"column":58}}]},"8":{"line":51,"type":"if","locations":[{"start":{"line":51,"column":9},"end":{"line":51,"column":9}},{"start":{"line":51,"column":9},"end":{"line":51,"column":9}}]},"9":{"line":53,"type":"binary-expr","locations":[{"start":{"line":53,"column":33},"end":{"line":53,"column":61}},{"start":{"line":53,"column":65},"end":{"line":53,"column":67}}]},"10":{"line":57,"type":"if","locations":[{"start":{"line":57,"column":9},"end":{"line":57,"column":9}},{"start":{"line":57,"column":9},"end":{"line":57,"column":9}}]},"11":{"line":57,"type":"binary-expr","locations":[{"start":{"line":57,"column":13},"end":{"line":57,"column":22}},{"start":{"line":57,"column":26},"end":{"line":57,"column":50}}]},"12":{"line":67,"type":"if","locations":[{"start":{"line":67,"column":4},"end":{"line":67,"column":4}},{"start":{"line":67,"column":4},"end":{"line":67,"column":4}}]},"13":{"line":78,"type":"if","locations":[{"start":{"line":78,"column":4},"end":{"line":78,"column":4}},{"start":{"line":78,"column":4},"end":{"line":78,"column":4}}]},"14":{"line":91,"type":"binary-expr","locations":[{"start":{"line":91,"column":20},"end":{"line":91,"column":33}},{"start":{"line":91,"column":37},"end":{"line":91,"column":48}}]},"15":{"line":92,"type":"binary-expr","locations":[{"start":{"line":92,"column":48},"end":{"line":92,"column":72}},{"start":{"line":92,"column":76},"end":{"line":92,"column":78}}]},"16":{"line":93,"type":"binary-expr","locations":[{"start":{"line":93,"column":45},"end":{"line":93,"column":66}},{"start":{"line":93,"column":70},"end":{"line":93,"column":72}}]},"17":{"line":103,"type":"if","locations":[{"start":{"line":103,"column":4},"end":{"line":103,"column":4}},{"start":{"line":103,"column":4},"end":{"line":103,"column":4}}]},"18":{"line":103,"type":"binary-expr","locations":[{"start":{"line":103,"column":8},"end":{"line":103,"column":21}},{"start":{"line":103,"column":25},"end":{"line":103,"column":48}}]},"19":{"line":116,"type":"if","locations":[{"start":{"line":116,"column":4},"end":{"line":116,"column":4}},{"start":{"line":116,"column":4},"end":{"line":116,"column":4}}]},"20":{"line":116,"type":"binary-expr","locations":[{"start":{"line":116,"column":8},"end":{"line":116,"column":21}},{"start":{"line":116,"column":25},"end":{"line":116,"column":48}}]},"21":{"line":127,"type":"cond-expr","locations":[{"start":{"line":127,"column":17},"end":{"line":127,"column":32}},{"start":{"line":127,"column":35},"end":{"line":127,"column":58}}]},"22":{"line":132,"type":"cond-expr","locations":[{"start":{"line":132,"column":17},"end":{"line":132,"column":32}},{"start":{"line":132,"column":35},"end":{"line":132,"column":57}}]},"23":{"line":139,"type":"if","locations":[{"start":{"line":139,"column":6},"end":{"line":139,"column":6}},{"start":{"line":139,"column":6},"end":{"line":139,"column":6}}]},"24":{"line":139,"type":"binary-expr","locations":[{"start":{"line":139,"column":10},"end":{"line":139,"column":36}},{"start":{"line":139,"column":40},"end":{"line":139,"column":63}}]},"25":{"line":141,"type":"if","locations":[{"start":{"line":141,"column":10},"end":{"line":141,"column":10}},{"start":{"line":141,"column":10},"end":{"line":141,"column":10}}]},"26":{"line":157,"type":"cond-expr","locations":[{"start":{"line":157,"column":27},"end":{"line":157,"column":29}},{"start":{"line":157,"column":32},"end":{"line":157,"column":57}}]}},"code":["(function() {","  'use strict'","","  var Waypoint = window.Waypoint","","  function isWindow(element) {","    return element === element.window","  }","","  function getWindow(element) {","    if (isWindow(element)) {","      return element","    }","    return element.defaultView","  }","","  function NoFrameworkAdapter(element) {","    this.element = element","    this.handlers = {}","  }","","  NoFrameworkAdapter.prototype.innerHeight = function() {","    var isWin = isWindow(this.element)","    return isWin ? this.element.innerHeight : this.element.clientHeight","  }","","  NoFrameworkAdapter.prototype.innerWidth = function() {","    var isWin = isWindow(this.element)","    return isWin ? this.element.innerWidth : this.element.clientWidth","  }","","  NoFrameworkAdapter.prototype.off = function(event, handler) {","    function removeListeners(element, listeners, handler) {","      for (var i = 0, end = listeners.length - 1; i < end; i++) {","        var listener = listeners[i]","        if (!handler || handler === listener) {","          element.removeEventListener(listener)","        }","      }","    }","","    var eventParts = event.split('.')","    var eventType = eventParts[0]","    var namespace = eventParts[1]","    var element = this.element","","    if (namespace && this.handlers[namespace] && eventType) {","      removeListeners(element, this.handlers[namespace][eventType], handler)","      this.handlers[namespace][eventType] = []","    }","    else if (eventType) {","      for (var ns in this.handlers) {","        removeListeners(element, this.handlers[ns][eventType] || [], handler)","        this.handlers[ns][eventType] = []","      }","    }","    else if (namespace && this.handlers[namespace]) {","      for (var type in this.handlers[namespace]) {","        removeListeners(element, this.handlers[namespace][type], handler)","      }","      this.handlers[namespace] = {}","    }","  }","","  /* Adapted from jQuery 1.x offset() */","  NoFrameworkAdapter.prototype.offset = function() {","    if (!this.element.ownerDocument) {","      return null","    }","","    var documentElement = this.element.ownerDocument.documentElement","    var win = getWindow(this.element.ownerDocument)","    var rect = {","      top: 0,","      left: 0","    }","","    if (this.element.getBoundingClientRect) {","      rect = this.element.getBoundingClientRect()","    }","","    return {","      top: rect.top + win.pageYOffset - documentElement.clientTop,","      left: rect.left + win.pageXOffset - documentElement.clientLeft","    }","  }","","  NoFrameworkAdapter.prototype.on = function(event, handler) {","    var eventParts = event.split('.')","    var eventType = eventParts[0]","    var namespace = eventParts[1] || '__default'","    var nsHandlers = this.handlers[namespace] = this.handlers[namespace] || {}","    var nsTypeList = nsHandlers[eventType] = nsHandlers[eventType] || []","","    nsTypeList.push(handler)","    this.element.addEventListener(eventType, handler)","  }","","  NoFrameworkAdapter.prototype.outerHeight = function(includeMargin) {","    var height = this.innerHeight()","    var computedStyle","","    if (includeMargin && !isWindow(this.element)) {","      computedStyle = window.getComputedStyle(this.element)","      height += parseInt(computedStyle.marginTop, 10)","      height += parseInt(computedStyle.marginBottom, 10)","    }","","    return height","  }","","  NoFrameworkAdapter.prototype.outerWidth = function(includeMargin) {","    var width = this.innerWidth()","    var computedStyle","","    if (includeMargin && !isWindow(this.element)) {","      computedStyle = window.getComputedStyle(this.element)","      width += parseInt(computedStyle.marginLeft, 10)","      width += parseInt(computedStyle.marginRight, 10)","    }","","    return width","  }","","  NoFrameworkAdapter.prototype.scrollLeft = function() {","    var win = getWindow(this.element)","    return win ? win.pageXOffset : this.element.scrollLeft","  }","","  NoFrameworkAdapter.prototype.scrollTop = function() {","    var win = getWindow(this.element)","    return win ? win.pageYOffset : this.element.scrollTop","  }","","  NoFrameworkAdapter.extend = function() {","    var args = Array.prototype.slice.call(arguments)","","    function merge(target, obj) {","      if (typeof target === 'object' && typeof obj === 'object') {","        for (var key in obj) {","          if (obj.hasOwnProperty(key)) {","            target[key] = obj[key]","          }","        }","      }","","      return target","    }","","    for (var i = 1, end = args.length; i < end; i++) {","      merge(args[0], args[i])","    }","    return args[0]","  }","","  NoFrameworkAdapter.inArray = function(element, array, i) {","    return array == null ? -1 : array.indexOf(element, i)","  }","","  NoFrameworkAdapter.isEmptyObject = function(obj) {","    /* eslint no-unused-vars: 0 */","    for (var name in obj) {","      return false","    }","    return true","  }","","  Waypoint.adapters.push({","    name: 'noframework',","    Adapter: NoFrameworkAdapter","  })","  Waypoint.Adapter = NoFrameworkAdapter","}())",""],"l":{"1":2,"4":2,"6":1,"7":0,"10":1,"11":0,"12":0,"14":0,"17":1,"18":0,"19":0,"22":0,"23":0,"24":0,"27":0,"28":0,"29":0,"32":0,"33":1,"34":0,"35":0,"36":0,"37":0,"42":0,"43":0,"44":0,"45":0,"47":0,"48":0,"49":0,"51":0,"52":0,"53":0,"54":0,"57":0,"58":0,"59":0,"61":0,"66":0,"67":0,"68":0,"71":0,"72":0,"73":0,"78":0,"79":0,"82":0,"88":0,"89":0,"90":0,"91":0,"92":0,"93":0,"95":0,"96":0,"99":0,"100":0,"101":0,"103":0,"104":0,"105":0,"106":0,"109":0,"112":0,"113":0,"114":0,"116":0,"117":0,"118":0,"119":0,"122":0,"125":0,"126":0,"127":0,"130":0,"131":0,"132":0,"135":0,"136":0,"138":1,"139":0,"140":0,"141":0,"142":0,"147":0,"150":0,"151":0,"153":0,"156":0,"157":0,"160":0,"162":0,"163":0,"165":0,"168":0,"172":0}},"/home/travis/build/npmtest/node-npmtest-waypoints/node_modules/waypoints/src/adapters/zepto.js":{"path":"/home/travis/build/npmtest/node-npmtest-waypoints/node_modules/waypoints/src/adapters/zepto.js","s":{"1":2,"2":2,"3":0,"4":1,"5":0,"6":0,"7":0,"8":0,"9":0,"10":0,"11":0,"12":0,"13":0,"14":0,"15":1,"16":0,"17":0,"18":0,"19":0,"20":0,"21":0,"22":0,"23":0,"24":0,"25":0,"26":0,"27":0,"28":0,"29":0,"30":0,"31":0,"32":0,"33":0,"34":0,"35":0,"36":0,"37":0,"38":0},"b":{"1":[0,0],"2":[0,0],"3":[0,0]},"f":{"1":2,"2":0,"3":0,"4":0,"5":0,"6":0,"7":0,"8":0,"9":0,"10":0,"11":0},"fnMap":{"1":{"name":"(anonymous_1)","line":1,"loc":{"start":{"line":1,"column":1},"end":{"line":1,"column":12}}},"2":{"name":"ZeptoAdapter","line":7,"loc":{"start":{"line":7,"column":2},"end":{"line":7,"column":33}}},"3":{"name":"(anonymous_3)","line":17,"loc":{"start":{"line":17,"column":5},"end":{"line":17,"column":25}}},"4":{"name":"(anonymous_4)","line":18,"loc":{"start":{"line":18,"column":37},"end":{"line":18,"column":48}}},"5":{"name":"(anonymous_5)","line":24,"loc":{"start":{"line":24,"column":34},"end":{"line":24,"column":45}}},"6":{"name":"(anonymous_6)","line":34,"loc":{"start":{"line":34,"column":5},"end":{"line":34,"column":28}}},"7":{"name":"createDimensionMethod","line":35,"loc":{"start":{"line":35,"column":4},"end":{"line":35,"column":60}}},"8":{"name":"(anonymous_8)","line":36,"loc":{"start":{"line":36,"column":13},"end":{"line":36,"column":37}}},"9":{"name":"(anonymous_9)","line":44,"loc":{"start":{"line":44,"column":33},"end":{"line":44,"column":51}}},"10":{"name":"(anonymous_10)","line":67,"loc":{"start":{"line":67,"column":5},"end":{"line":67,"column":25}}},"11":{"name":"(anonymous_11)","line":71,"loc":{"start":{"line":71,"column":31},"end":{"line":71,"column":45}}}},"statementMap":{"1":{"start":{"line":1,"column":0},"end":{"line":84,"column":4}},"2":{"start":{"line":4,"column":2},"end":{"line":4,"column":22}},"3":{"start":{"line":5,"column":2},"end":{"line":5,"column":32}},"4":{"start":{"line":7,"column":2},"end":{"line":10,"column":3}},"5":{"start":{"line":8,"column":4},"end":{"line":8,"column":26}},"6":{"start":{"line":9,"column":4},"end":{"line":9,"column":30}},"7":{"start":{"line":12,"column":2},"end":{"line":22,"column":4}},"8":{"start":{"line":18,"column":4},"end":{"line":21,"column":5}},"9":{"start":{"line":19,"column":6},"end":{"line":19,"column":54}},"10":{"start":{"line":20,"column":6},"end":{"line":20,"column":61}},"11":{"start":{"line":24,"column":2},"end":{"line":28,"column":3}},"12":{"start":{"line":25,"column":4},"end":{"line":27,"column":5}},"13":{"start":{"line":26,"column":6},"end":{"line":26,"column":35}},"14":{"start":{"line":31,"column":2},"end":{"line":62,"column":4}},"15":{"start":{"line":35,"column":4},"end":{"line":55,"column":5}},"16":{"start":{"line":36,"column":6},"end":{"line":54,"column":7}},"17":{"start":{"line":37,"column":8},"end":{"line":37,"column":36}},"18":{"start":{"line":38,"column":8},"end":{"line":38,"column":40}},"19":{"start":{"line":39,"column":8},"end":{"line":42,"column":9}},"20":{"start":{"line":44,"column":8},"end":{"line":52,"column":10}},"21":{"start":{"line":45,"column":10},"end":{"line":45,"column":63}},"22":{"start":{"line":46,"column":10},"end":{"line":48,"column":11}},"23":{"start":{"line":47,"column":12},"end":{"line":47,"column":75}},"24":{"start":{"line":49,"column":10},"end":{"line":51,"column":11}},"25":{"start":{"line":50,"column":12},"end":{"line":50,"column":64}},"26":{"start":{"line":53,"column":8},"end":{"line":53,"column":19}},"27":{"start":{"line":57,"column":4},"end":{"line":57,"column":55}},"28":{"start":{"line":58,"column":4},"end":{"line":58,"column":55}},"29":{"start":{"line":60,"column":4},"end":{"line":60,"column":70}},"30":{"start":{"line":61,"column":4},"end":{"line":61,"column":69}},"31":{"start":{"line":64,"column":2},"end":{"line":69,"column":4}},"32":{"start":{"line":68,"column":4},"end":{"line":68,"column":36}},"33":{"start":{"line":71,"column":2},"end":{"line":77,"column":3}},"34":{"start":{"line":73,"column":4},"end":{"line":75,"column":5}},"35":{"start":{"line":74,"column":6},"end":{"line":74,"column":18}},"36":{"start":{"line":76,"column":4},"end":{"line":76,"column":15}},"37":{"start":{"line":79,"column":2},"end":{"line":82,"column":4}},"38":{"start":{"line":83,"column":2},"end":{"line":83,"column":33}}},"branchMap":{"1":{"line":25,"type":"if","locations":[{"start":{"line":25,"column":4},"end":{"line":25,"column":4}},{"start":{"line":25,"column":4},"end":{"line":25,"column":4}}]},"2":{"line":46,"type":"if","locations":[{"start":{"line":46,"column":10},"end":{"line":46,"column":10}},{"start":{"line":46,"column":10},"end":{"line":46,"column":10}}]},"3":{"line":49,"type":"if","locations":[{"start":{"line":49,"column":10},"end":{"line":49,"column":10}},{"start":{"line":49,"column":10},"end":{"line":49,"column":10}}]}},"code":["(function() {","  'use strict'","","  var $ = window.Zepto","  var Waypoint = window.Waypoint","","  function ZeptoAdapter(element) {","    this.element = element","    this.$element = $(element)","  }","","  $.each([","    'off',","    'on',","    'scrollLeft',","    'scrollTop'","  ], function(i, method) {","    ZeptoAdapter.prototype[method] = function() {","      var args = Array.prototype.slice.call(arguments)","      return this.$element[method].apply(this.$element, args)","    }","  })","","  ZeptoAdapter.prototype.offset = function() {","    if (this.element !== this.element.window) {","      return this.$element.offset()","    }","  }","","  // Adapted from https://gist.github.com/wheresrhys/5823198","  $.each([","    'width',","    'height'","  ], function(i, dimension) {","    function createDimensionMethod($element, includeBorder) {","      return function(includeMargin) {","        var $element = this.$element","        var size = $element[dimension]()","        var sides = {","          width: ['left', 'right'],","          height: ['top', 'bottom']","        }","","        $.each(sides[dimension], function(i, side) {","          size += parseInt($element.css('padding-' + side), 10)","          if (includeBorder) {","            size += parseInt($element.css('border-' + side + '-width'), 10)","          }","          if (includeMargin) {","            size += parseInt($element.css('margin-' + side), 10)","          }","        })","        return size","      }","    }","","    var innerMethod = $.camelCase('inner-' + dimension)","    var outerMethod = $.camelCase('outer-' + dimension)","","    ZeptoAdapter.prototype[innerMethod] = createDimensionMethod(false)","    ZeptoAdapter.prototype[outerMethod] = createDimensionMethod(true)","  })","","  $.each([","    'extend',","    'inArray'","  ], function(i, method) {","    ZeptoAdapter[method] = $[method]","  })","","  ZeptoAdapter.isEmptyObject = function(obj) {","    /* eslint no-unused-vars: 0 */","    for (var name in obj) {","      return false","    }","    return true","  }","","  Waypoint.adapters.push({","    name: 'zepto',","    Adapter: ZeptoAdapter","  })","  Waypoint.Adapter = ZeptoAdapter","}())",""],"l":{"1":2,"4":2,"5":0,"7":1,"8":0,"9":0,"12":0,"18":0,"19":0,"20":0,"24":0,"25":0,"26":0,"31":0,"35":1,"36":0,"37":0,"38":0,"39":0,"44":0,"45":0,"46":0,"47":0,"49":0,"50":0,"53":0,"57":0,"58":0,"60":0,"61":0,"64":0,"68":0,"71":0,"73":0,"74":0,"76":0,"79":0,"83":0}}}